
Instance /home/wagner/src/CCP/instances/AES/Alegrete.dat dom jun 6 23:37:44 2010/home/wagner/src/CCP/instances/AES/Alegrete.dat, 1.1, Farthest, 29700.4, 0.179, 0,
/home/wagner/src/CCP/instances/AES/Alegrete.dat, 1.1, Hill Climb with Interchange, 18076, 35.039, 0,
/home/wagner/src/CCP/instances/AES/Alegrete.dat, 1.1, Hill Climb with Shift, 29700.4, 0.38, 1,
/home/wagner/src/CCP/instances/AES/Alegrete.dat, 1.1, Density, 10850.5, 13.042, 10,
/home/wagner/src/CCP/instances/AES/Alegrete.dat, 1.1, Hill Climb with Interchange, 10848.1, 1.389, 10,
/home/wagner/src/CCP/instances/AES/Alegrete.dat, 1.1, Hill Climb with Shift, 10844.4, 3.401, 4,
/home/wagner/src/CCP/instances/AES/Alegrete.dat, 1.1, HMeans, 11095.7, 0.024, 7,
/home/wagner/src/CCP/instances/AES/Alegrete.dat, 1.1, Hill Climb with Interchange, 10893.5, 16.239, 7,
/home/wagner/src/CCP/instances/AES/Alegrete.dat, 1.1, Hill Climb with Shift, 11093.1, 2.6, 3,
/home/wagner/src/CCP/instances/AES/Alegrete.dat, 1.1, HMeans, 11232.8, 0.022, 6,
/home/wagner/src/CCP/instances/AES/Alegrete.dat, 1.1, Hill Climb with Interchange, 10931.7, 17.034, 6,
/home/wagner/src/CCP/instances/AES/Alegrete.dat, 1.1, Hill Climb with Shift, 11232.8, 1.284, 3,
/home/wagner/src/CCP/instances/AES/Alegrete.dat, 1.1, HMeans, 11074.8, 0.046, 8,
/home/wagner/src/CCP/instances/AES/Alegrete.dat, 1.1, Hill Climb with Interchange, 10884.7, 14.809, 8,
/home/wagner/src/CCP/instances/AES/Alegrete.dat, 1.1, Hill Climb with Shift, 11074.8, 0.654, 1,
/home/wagner/src/CCP/instances/AES/Alegrete.dat, 1.1, HMeans, 11057.5, 0.031, 9,
/home/wagner/src/CCP/instances/AES/Alegrete.dat, 1.1, Hill Climb with Interchange, 10921.9, 13.793, 9,
/home/wagner/src/CCP/instances/AES/Alegrete.dat, 1.1, Hill Climb with Shift, 11057.2, 1.691, 3,
/home/wagner/src/CCP/instances/AES/Alegrete.dat, 1.1, HMeans, 11082.7, 0.032, 7,
/home/wagner/src/CCP/instances/AES/Alegrete.dat, 1.1, Hill Climb with Interchange, 10891.7, 15.864, 7,
/home/wagner/src/CCP/instances/AES/Alegrete.dat, 1.1, Hill Climb with Shift, 11082.7, 0.8, 1,
/home/wagner/src/CCP/instances/AES/Alegrete.dat, 1.1, HMeans, 11127.7, 0.034, 8,
/home/wagner/src/CCP/instances/AES/Alegrete.dat, 1.1, Hill Climb with Interchange, 10888.6, 15.385, 8,
/home/wagner/src/CCP/instances/AES/Alegrete.dat, 1.1, Hill Climb with Shift, 11127.7, 0.695, 1,
/home/wagner/src/CCP/instances/AES/Alegrete.dat, 1.1, HMeans, 11045.4, 0.032, 9,
/home/wagner/src/CCP/instances/AES/Alegrete.dat, 1.1, Hill Climb with Interchange, 10885.7, 10.65, 9,
/home/wagner/src/CCP/instances/AES/Alegrete.dat, 1.1, Hill Climb with Shift, 11045.4, 0.848, 1,
/home/wagner/src/CCP/instances/AES/Alegrete.dat, 1.1, HMeans, 10933.5, 0.032, 7,
/home/wagner/src/CCP/instances/AES/Alegrete.dat, 1.1, Hill Climb with Interchange, 10860.4, 7.827, 7,
/home/wagner/src/CCP/instances/AES/Alegrete.dat, 1.1, Hill Climb with Shift, 10929.2, 1.583, 3,
/home/wagner/src/CCP/instances/AES/Alegrete.dat, 1.1, HMeans, 11223.7, 0.038, 10,
/home/wagner/src/CCP/instances/AES/Alegrete.dat, 1.1, Hill Climb with Interchange, 10916.5, 16.997, 10,
/home/wagner/src/CCP/instances/AES/Alegrete.dat, 1.1, Hill Climb with Shift, 11223.7, 0.505, 1,
/home/wagner/src/CCP/instances/AES/Alegrete.dat, 1.1, HMeans, 25400.3, 0.03, 9,
/home/wagner/src/CCP/instances/AES/Alegrete.dat, 1.1, Hill Climb with Interchange, 24236.4, 16.483, 9,
/home/wagner/src/CCP/instances/AES/Alegrete.dat, 1.1, Hill Climb with Shift, 25395.5, 1.702, 5,
/home/wagner/src/CCP/instances/AES/Alegrete.dat, 1.1, JMeans, 11480.7, 25.564, 16,
/home/wagner/src/CCP/instances/AES/Alegrete.dat, 1.1, Hill Climb with Interchange, 11188.1, 21.62, 16,
/home/wagner/src/CCP/instances/AES/Alegrete.dat, 1.1, Hill Climb with Shift, 11255.6, 1.93, 3,
/home/wagner/src/CCP/instances/AES/Alegrete.dat, 1.1, JMeans, 12470.4, 10.929, 8,
/home/wagner/src/CCP/instances/AES/Alegrete.dat, 1.1, Hill Climb with Interchange, 11430.1, 32.618, 8,
/home/wagner/src/CCP/instances/AES/Alegrete.dat, 1.1, Hill Climb with Shift, 12408.7, 1.757, 3,
/home/wagner/src/CCP/instances/AES/Alegrete.dat, 1.1, JMeans, 11689.8, 17.859, 13,
/home/wagner/src/CCP/instances/AES/Alegrete.dat, 1.1, Hill Climb with Interchange, 11263.1, 20.309, 13,
/home/wagner/src/CCP/instances/AES/Alegrete.dat, 1.1, Hill Climb with Shift, 11571.8, 1.609, 3,
/home/wagner/src/CCP/instances/AES/Alegrete.dat, 1.1, JMeans, 11611.9, 24.407, 7,
/home/wagner/src/CCP/instances/AES/Alegrete.dat, 1.1, Hill Climb with Interchange, 11184.8, 19.568, 7,
/home/wagner/src/CCP/instances/AES/Alegrete.dat, 1.1, Hill Climb with Shift, 11518.4, 1.104, 2,
/home/wagner/src/CCP/instances/AES/Alegrete.dat, 1.1, JMeans, 11879.2, 25.158, 15,
/home/wagner/src/CCP/instances/AES/Alegrete.dat, 1.1, Hill Climb with Interchange, 11282.3, 24.395, 15,
/home/wagner/src/CCP/instances/AES/Alegrete.dat, 1.1, Hill Climb with Shift, 11706.9, 1.108, 2,
/home/wagner/src/CCP/instances/AES/Alegrete.dat, 1.1, JMeans, 11216, 10.587, 8,
/home/wagner/src/CCP/instances/AES/Alegrete.dat, 1.1, Hill Climb with Interchange, 10970.9, 14.66, 8,
/home/wagner/src/CCP/instances/AES/Alegrete.dat, 1.1, Hill Climb with Shift, 11138.8, 1.292, 2,
/home/wagner/src/CCP/instances/AES/Alegrete.dat, 1.1, JMeans, 11610.3, 16.051, 15,
/home/wagner/src/CCP/instances/AES/Alegrete.dat, 1.1, Hill Climb with Interchange, 11205.1, 26.247, 15,
/home/wagner/src/CCP/instances/AES/Alegrete.dat, 1.1, Hill Climb with Shift, 11418, 1.657, 3,
/home/wagner/src/CCP/instances/AES/Alegrete.dat, 1.1, JMeans, 12110.7, 94.341, 15,
/home/wagner/src/CCP/instances/AES/Alegrete.dat, 1.1, Hill Climb with Interchange, 11524.4, 28.68, 15,
/home/wagner/src/CCP/instances/AES/Alegrete.dat, 1.1, Hill Climb with Shift, 11791.8, 1.213, 3,
/home/wagner/src/CCP/instances/AES/Alegrete.dat, 1.1, JMeans, 11930.1, 14.072, 16,
/home/wagner/src/CCP/instances/AES/Alegrete.dat, 1.1, Hill Climb with Interchange, 11086.3, 27.783, 16,
/home/wagner/src/CCP/instances/AES/Alegrete.dat, 1.1, Hill Climb with Shift, 11808, 1.427, 3,
/home/wagner/src/CCP/instances/AES/Alegrete.dat, 1.1, JMeans, 11799.1, 22.222, 9,
/home/wagner/src/CCP/instances/AES/Alegrete.dat, 1.1, Hill Climb with Interchange, 10985.7, 26.573, 9,
/home/wagner/src/CCP/instances/AES/Alegrete.dat, 1.1, Hill Climb with Shift, 11799.1, 0.647, 1,
/home/wagner/src/CCP/instances/AES/Alegrete.dat, 1.1, Randon Density, 10880.6, 17.859, 0,
/home/wagner/src/CCP/instances/AES/Alegrete.dat, 1.1, Hill Climb with Interchange, 10824.5, 4.641, 0,
/home/wagner/src/CCP/instances/AES/Alegrete.dat, 1.1, Hill Climb with Shift, 10880.6, 0.363, 1,
/home/wagner/src/CCP/instances/AES/Alegrete.dat, 1.1, Randon Density, 10843.6, 13.388, 0,
/home/wagner/src/CCP/instances/AES/Alegrete.dat, 1.1, Hill Climb with Interchange, 10843.3, 0.598, 0,
/home/wagner/src/CCP/instances/AES/Alegrete.dat, 1.1, Hill Climb with Shift, 10843.6, 0.718, 1,
/home/wagner/src/CCP/instances/AES/Alegrete.dat, 1.1, Randon Density, 10839.4, 16.455, 0,
/home/wagner/src/CCP/instances/AES/Alegrete.dat, 1.1, Hill Climb with Interchange, 10839.4, 0.286, 0,
/home/wagner/src/CCP/instances/AES/Alegrete.dat, 1.1, Hill Climb with Shift, 10839.4, 0.596, 1,
/home/wagner/src/CCP/instances/AES/Alegrete.dat, 1.1, Randon Density, 10838.4, 13.655, 0,
/home/wagner/src/CCP/instances/AES/Alegrete.dat, 1.1, Hill Climb with Interchange, 10838.4, 0.308, 0,
/home/wagner/src/CCP/instances/AES/Alegrete.dat, 1.1, Hill Climb with Shift, 10838.4, 0.739, 1,
/home/wagner/src/CCP/instances/AES/Alegrete.dat, 1.1, Randon Density, 11052.3, 16.027, 0,
/home/wagner/src/CCP/instances/AES/Alegrete.dat, 1.1, Hill Climb with Interchange, 10845.5, 13.379, 0,
/home/wagner/src/CCP/instances/AES/Alegrete.dat, 1.1, Hill Climb with Shift, 11052.3, 0.584, 1,
/home/wagner/src/CCP/instances/AES/Alegrete.dat, 1.1, Randon Density, 10911.1, 17.555, 0,
/home/wagner/src/CCP/instances/AES/Alegrete.dat, 1.1, Hill Climb with Interchange, 10765.5, 8.409, 0,
/home/wagner/src/CCP/instances/AES/Alegrete.dat, 1.1, Hill Climb with Shift, 10911.1, 0.493, 1,
/home/wagner/src/CCP/instances/AES/Alegrete.dat, 1.1, Randon Density, 10881.1, 14.14, 0,
/home/wagner/src/CCP/instances/AES/Alegrete.dat, 1.1, Hill Climb with Interchange, 10803, 4.664, 0,
/home/wagner/src/CCP/instances/AES/Alegrete.dat, 1.1, Hill Climb with Shift, 10875.8, 1.076, 3,
/home/wagner/src/CCP/instances/AES/Alegrete.dat, 1.1, Randon Density, 10867.6, 10.397, 0,
/home/wagner/src/CCP/instances/AES/Alegrete.dat, 1.1, Hill Climb with Interchange, 10856.9, 3.461, 0,
/home/wagner/src/CCP/instances/AES/Alegrete.dat, 1.1, Hill Climb with Shift, 10867.6, 0.705, 1,
/home/wagner/src/CCP/instances/AES/Alegrete.dat, 1.1, Randon Density, 10893.6, 10.044, 0,
/home/wagner/src/CCP/instances/AES/Alegrete.dat, 1.1, Hill Climb with Interchange, 10872, 3.407, 0,
/home/wagner/src/CCP/instances/AES/Alegrete.dat, 1.1, Hill Climb with Shift, 10893.6, 0.564, 1,
/home/wagner/src/CCP/instances/AES/Alegrete.dat, 1.1, Randon Density, 11004, 15.919, 0,
/home/wagner/src/CCP/instances/AES/Alegrete.dat, 1.1, Hill Climb with Interchange, 10842.2, 9.772, 0,
/home/wagner/src/CCP/instances/AES/Alegrete.dat, 1.1, Hill Climb with Shift, 10990.1, 1.519, 3,
/home/wagner/src/CCP/instances/AES/Alegrete.dat, 1.2, Farthest, 27219.8, 0.024, 0,
/home/wagner/src/CCP/instances/AES/Alegrete.dat, 1.2, Hill Climb with Interchange, 24697.8, 26.701, 0,
/home/wagner/src/CCP/instances/AES/Alegrete.dat, 1.2, Hill Climb with Shift, 27219.8, 0.495, 1,
/home/wagner/src/CCP/instances/AES/Alegrete.dat, 1.2, Density, 10763.5, 6.206, 10,
/home/wagner/src/CCP/instances/AES/Alegrete.dat, 1.2, Hill Climb with Interchange, 10763.5, 0.298, 10,
/home/wagner/src/CCP/instances/AES/Alegrete.dat, 1.2, Hill Climb with Shift, 10756, 2.854, 3,
/home/wagner/src/CCP/instances/AES/Alegrete.dat, 1.2, HMeans, 10951.4, 0.024, 7,
/home/wagner/src/CCP/instances/AES/Alegrete.dat, 1.2, Hill Climb with Interchange, 10843.5, 8.67, 7,
/home/wagner/src/CCP/instances/AES/Alegrete.dat, 1.2, Hill Climb with Shift, 10946.9, 1.494, 2,
/home/wagner/src/CCP/instances/AES/Alegrete.dat, 1.2, HMeans, 9476.95, 0.021, 6,
/home/wagner/src/CCP/instances/AES/Alegrete.dat, 1.2, Hill Climb with Interchange, 9373.55, 8.424, 6,
/home/wagner/src/CCP/instances/AES/Alegrete.dat, 1.2, Hill Climb with Shift, 9476.95, 1.01, 1,
/home/wagner/src/CCP/instances/AES/Alegrete.dat, 1.2, HMeans, 10007.1, 0.037, 12,
/home/wagner/src/CCP/instances/AES/Alegrete.dat, 1.2, Hill Climb with Interchange, 9907.94, 6.527, 12,
/home/wagner/src/CCP/instances/AES/Alegrete.dat, 1.2, Hill Climb with Shift, 10007.1, 0.737, 1,
/home/wagner/src/CCP/instances/AES/Alegrete.dat, 1.2, HMeans, 10981.1, 0.028, 8,
/home/wagner/src/CCP/instances/AES/Alegrete.dat, 1.2, Hill Climb with Interchange, 10866, 8.186, 8,
/home/wagner/src/CCP/instances/AES/Alegrete.dat, 1.2, Hill Climb with Shift, 10975.7, 1.868, 2,
/home/wagner/src/CCP/instances/AES/Alegrete.dat, 1.2, HMeans, 9164.83, 0.033, 11,
/home/wagner/src/CCP/instances/AES/Alegrete.dat, 1.2, Hill Climb with Interchange, 9109.5, 6.417, 11,
/home/wagner/src/CCP/instances/AES/Alegrete.dat, 1.2, Hill Climb with Shift, 9159.66, 3.023, 3,
/home/wagner/src/CCP/instances/AES/Alegrete.dat, 1.2, HMeans, 9220.76, 0.023, 7,
/home/wagner/src/CCP/instances/AES/Alegrete.dat, 1.2, Hill Climb with Interchange, 9153.01, 7.639, 7,
/home/wagner/src/CCP/instances/AES/Alegrete.dat, 1.2, Hill Climb with Shift, 9218.76, 3.144, 3,
/home/wagner/src/CCP/instances/AES/Alegrete.dat, 1.2, HMeans, 21118.8, 3.116, 1001,
/home/wagner/src/CCP/instances/AES/Alegrete.dat, 1.2, Hill Climb with Interchange, 20123.1, 13.531, 1001,
/home/wagner/src/CCP/instances/AES/Alegrete.dat, 1.2, Hill Climb with Shift, 21113.3, 2.35, 3,
/home/wagner/src/CCP/instances/AES/Alegrete.dat, 1.2, HMeans, 11341.4, 0.041, 11,
/home/wagner/src/CCP/instances/AES/Alegrete.dat, 1.2, Hill Climb with Interchange, 10948.8, 19.074, 11,
/home/wagner/src/CCP/instances/AES/Alegrete.dat, 1.2, Hill Climb with Shift, 11341.4, 0.599, 1,
/home/wagner/src/CCP/instances/AES/Alegrete.dat, 1.2, HMeans, 9181.22, 0.032, 10,
/home/wagner/src/CCP/instances/AES/Alegrete.dat, 1.2, Hill Climb with Interchange, 9091.51, 8.898, 10,
/home/wagner/src/CCP/instances/AES/Alegrete.dat, 1.2, Hill Climb with Shift, 9176.05, 3.162, 3,
/home/wagner/src/CCP/instances/AES/Alegrete.dat, 1.2, HMeans, 22944.6, 0.011, 4,
/home/wagner/src/CCP/instances/AES/Alegrete.dat, 1.2, Hill Climb with Interchange, 22072.1, 6.388, 4,
/home/wagner/src/CCP/instances/AES/Alegrete.dat, 1.2, Hill Climb with Shift, 22940.1, 4.502, 3,
/home/wagner/src/CCP/instances/AES/Alegrete.dat, 1.2, JMeans, 9336.68, 23.999, 15,
/home/wagner/src/CCP/instances/AES/Alegrete.dat, 1.2, Hill Climb with Interchange, 9318.54, 2.96, 15,
/home/wagner/src/CCP/instances/AES/Alegrete.dat, 1.2, Hill Climb with Shift, 9336.68, 1.331, 1,
/home/wagner/src/CCP/instances/AES/Alegrete.dat, 1.2, JMeans, 10832.8, 18.529, 11,
/home/wagner/src/CCP/instances/AES/Alegrete.dat, 1.2, Hill Climb with Interchange, 10781.4, 7.146, 11,
/home/wagner/src/CCP/instances/AES/Alegrete.dat, 1.2, Hill Climb with Shift, 10832.8, 0.998, 1,
/home/wagner/src/CCP/instances/AES/Alegrete.dat, 1.2, JMeans, 11458.9, 18.338, 10,
/home/wagner/src/CCP/instances/AES/Alegrete.dat, 1.2, Hill Climb with Interchange, 11151.2, 17.172, 10,
/home/wagner/src/CCP/instances/AES/Alegrete.dat, 1.2, Hill Climb with Shift, 11443.7, 1.461, 2,
/home/wagner/src/CCP/instances/AES/Alegrete.dat, 1.2, JMeans, 9348.06, 19.768, 11,
/home/wagner/src/CCP/instances/AES/Alegrete.dat, 1.2, Hill Climb with Interchange, 9262.8, 7.824, 11,
/home/wagner/src/CCP/instances/AES/Alegrete.dat, 1.2, Hill Climb with Shift, 9348.06, 0.975, 1,
/home/wagner/src/CCP/instances/AES/Alegrete.dat, 1.2, JMeans, 11205.3, 13.791, 11,
/home/wagner/src/CCP/instances/AES/Alegrete.dat, 1.2, Hill Climb with Interchange, 11162.2, 8.848, 11,
/home/wagner/src/CCP/instances/AES/Alegrete.dat, 1.2, Hill Climb with Shift, 11068.3, 2.254, 2,
/home/wagner/src/CCP/instances/AES/Alegrete.dat, 1.2, JMeans, 11205.3, 12.509, 11,
/home/wagner/src/CCP/instances/AES/Alegrete.dat, 1.2, Hill Climb with Interchange, 11162.2, 8.717, 11,
/home/wagner/src/CCP/instances/AES/Alegrete.dat, 1.2, Hill Climb with Shift, 11068.3, 2.209, 2,
/home/wagner/src/CCP/instances/AES/Alegrete.dat, 1.2, JMeans, 11000.4, 23.927, 16,
/home/wagner/src/CCP/instances/AES/Alegrete.dat, 1.2, Hill Climb with Interchange, 10826.5, 14.046, 16,
/home/wagner/src/CCP/instances/AES/Alegrete.dat, 1.2, Hill Climb with Shift, 10724.3, 2.153, 2,
/home/wagner/src/CCP/instances/AES/Alegrete.dat, 1.2, JMeans, 9784.85, 17.184, 6,
/home/wagner/src/CCP/instances/AES/Alegrete.dat, 1.2, Hill Climb with Interchange, 9437.54, 17.651, 6,
/home/wagner/src/CCP/instances/AES/Alegrete.dat, 1.2, Hill Climb with Shift, 9765.88, 1.338, 2,
/home/wagner/src/CCP/instances/AES/Alegrete.dat, 1.2, JMeans, 9800.22, 31.018, 17,
/home/wagner/src/CCP/instances/AES/Alegrete.dat, 1.2, Hill Climb with Interchange, 9705.62, 8.171, 17,
/home/wagner/src/CCP/instances/AES/Alegrete.dat, 1.2, Hill Climb with Shift, 9450.65, 3.079, 3,
/home/wagner/src/CCP/instances/AES/Alegrete.dat, 1.2, JMeans, 11069.9, 16.561, 11,
/home/wagner/src/CCP/instances/AES/Alegrete.dat, 1.2, Hill Climb with Interchange, 10591.1, 19.677, 11,
/home/wagner/src/CCP/instances/AES/Alegrete.dat, 1.2, Hill Climb with Shift, 10857.7, 1.639, 2,
/home/wagner/src/CCP/instances/AES/Alegrete.dat, 1.2, Randon Density, 10273.1, 11.255, 0,
/home/wagner/src/CCP/instances/AES/Alegrete.dat, 1.2, Hill Climb with Interchange, 10272.5, 0.668, 0,
/home/wagner/src/CCP/instances/AES/Alegrete.dat, 1.2, Hill Climb with Shift, 10273.1, 1.104, 1,
/home/wagner/src/CCP/instances/AES/Alegrete.dat, 1.2, Randon Density, 9127.55, 13.509, 0,
/home/wagner/src/CCP/instances/AES/Alegrete.dat, 1.2, Hill Climb with Interchange, 9125.83, 0.848, 0,
/home/wagner/src/CCP/instances/AES/Alegrete.dat, 1.2, Hill Climb with Shift, 9127.55, 0.717, 1,
/home/wagner/src/CCP/instances/AES/Alegrete.dat, 1.2, Randon Density, 9127.05, 9.791, 0,
/home/wagner/src/CCP/instances/AES/Alegrete.dat, 1.2, Hill Climb with Interchange, 9018.7, 6.359, 0,
/home/wagner/src/CCP/instances/AES/Alegrete.dat, 1.2, Hill Climb with Shift, 9127.05, 0.68, 1,
/home/wagner/src/CCP/instances/AES/Alegrete.dat, 1.2, Randon Density, 10670.9, 9.444, 0,
/home/wagner/src/CCP/instances/AES/Alegrete.dat, 1.2, Hill Climb with Interchange, 10581.9, 6.59, 0,
/home/wagner/src/CCP/instances/AES/Alegrete.dat, 1.2, Hill Climb with Shift, 10667.7, 1.792, 2,
/home/wagner/src/CCP/instances/AES/Alegrete.dat, 1.2, Randon Density, 10274.2, 12.346, 0,
/home/wagner/src/CCP/instances/AES/Alegrete.dat, 1.2, Hill Climb with Interchange, 10272.7, 0.682, 0,
/home/wagner/src/CCP/instances/AES/Alegrete.dat, 1.2, Hill Climb with Shift, 10274.2, 1.242, 1,
/home/wagner/src/CCP/instances/AES/Alegrete.dat, 1.2, Randon Density, 9103.59, 10.602, 0,
/home/wagner/src/CCP/instances/AES/Alegrete.dat, 1.2, Hill Climb with Interchange, 8988.59, 7.304, 0,
/home/wagner/src/CCP/instances/AES/Alegrete.dat, 1.2, Hill Climb with Shift, 9103.59, 0.651, 1,
/home/wagner/src/CCP/instances/AES/Alegrete.dat, 1.2, Randon Density, 9026.32, 9.026, 0,
/home/wagner/src/CCP/instances/AES/Alegrete.dat, 1.2, Hill Climb with Interchange, 8917.53, 6.55, 0,
/home/wagner/src/CCP/instances/AES/Alegrete.dat, 1.2, Hill Climb with Shift, 9026.32, 0.553, 1,
/home/wagner/src/CCP/instances/AES/Alegrete.dat, 1.2, Randon Density, 10671.3, 10.076, 0,
/home/wagner/src/CCP/instances/AES/Alegrete.dat, 1.2, Hill Climb with Interchange, 10566.3, 7.484, 0,
/home/wagner/src/CCP/instances/AES/Alegrete.dat, 1.2, Hill Climb with Shift, 10671, 2.658, 3,
/home/wagner/src/CCP/instances/AES/Alegrete.dat, 1.2, Randon Density, 10756.7, 11.201, 0,
/home/wagner/src/CCP/instances/AES/Alegrete.dat, 1.2, Hill Climb with Interchange, 10596.8, 14.629, 0,
/home/wagner/src/CCP/instances/AES/Alegrete.dat, 1.2, Hill Climb with Shift, 10751.3, 2.443, 3,
/home/wagner/src/CCP/instances/AES/Alegrete.dat, 1.2, Randon Density, 9098.54, 12.607, 0,
/home/wagner/src/CCP/instances/AES/Alegrete.dat, 1.2, Hill Climb with Interchange, 9097.54, 0.918, 0,
/home/wagner/src/CCP/instances/AES/Alegrete.dat, 1.2, Hill Climb with Shift, 9098.02, 3.069, 3,
/home/wagner/src/CCP/instances/AES/Alegrete.dat, 1.3, Farthest, 26814.7, 0.028, 0,
/home/wagner/src/CCP/instances/AES/Alegrete.dat, 1.3, Hill Climb with Interchange, 20689.2, 27.531, 0,
/home/wagner/src/CCP/instances/AES/Alegrete.dat, 1.3, Hill Climb with Shift, 26814.7, 0.609, 1,
/home/wagner/src/CCP/instances/AES/Alegrete.dat, 1.3, Density, 10752.1, 4.395, 10,
/home/wagner/src/CCP/instances/AES/Alegrete.dat, 1.3, Hill Climb with Interchange, 10752.1, 0.357, 10,
/home/wagner/src/CCP/instances/AES/Alegrete.dat, 1.3, Hill Climb with Shift, 10743.3, 7.868, 5,
/home/wagner/src/CCP/instances/AES/Alegrete.dat, 1.3, HMeans, 8837.13, 0.026, 8,
/home/wagner/src/CCP/instances/AES/Alegrete.dat, 1.3, Hill Climb with Interchange, 8785.75, 5.64, 8,
/home/wagner/src/CCP/instances/AES/Alegrete.dat, 1.3, Hill Climb with Shift, 8837.13, 1.179, 1,
/home/wagner/src/CCP/instances/AES/Alegrete.dat, 1.3, HMeans, 9404.01, 0.023, 8,
/home/wagner/src/CCP/instances/AES/Alegrete.dat, 1.3, Hill Climb with Interchange, 9361.07, 5.524, 8,
/home/wagner/src/CCP/instances/AES/Alegrete.dat, 1.3, Hill Climb with Shift, 9404.01, 1.375, 1,
/home/wagner/src/CCP/instances/AES/Alegrete.dat, 1.3, HMeans, 20164.4, 0.022, 6,
/home/wagner/src/CCP/instances/AES/Alegrete.dat, 1.3, Hill Climb with Interchange, 19294.9, 23.583, 6,
/home/wagner/src/CCP/instances/AES/Alegrete.dat, 1.3, Hill Climb with Shift, 20164.4, 0.581, 1,
/home/wagner/src/CCP/instances/AES/Alegrete.dat, 1.3, HMeans, 19355.9, 0.022, 7,
/home/wagner/src/CCP/instances/AES/Alegrete.dat, 1.3, Hill Climb with Interchange, 18449.4, 9.286, 7,
/home/wagner/src/CCP/instances/AES/Alegrete.dat, 1.3, Hill Climb with Shift, 19349.8, 3.992, 3,
/home/wagner/src/CCP/instances/AES/Alegrete.dat, 1.3, HMeans, 10836.2, 0.026, 9,
/home/wagner/src/CCP/instances/AES/Alegrete.dat, 1.3, Hill Climb with Interchange, 10799.9, 4.881, 9,
/home/wagner/src/CCP/instances/AES/Alegrete.dat, 1.3, Hill Climb with Shift, 10836.2, 1.4, 1,
/home/wagner/src/CCP/instances/AES/Alegrete.dat, 1.3, HMeans, 11191.8, 0.029, 8,
/home/wagner/src/CCP/instances/AES/Alegrete.dat, 1.3, Hill Climb with Interchange, 10663.7, 10.915, 8,
/home/wagner/src/CCP/instances/AES/Alegrete.dat, 1.3, Hill Climb with Shift, 11189, 3.504, 4,
/home/wagner/src/CCP/instances/AES/Alegrete.dat, 1.3, HMeans, 10687.9, 0.029, 8,
/home/wagner/src/CCP/instances/AES/Alegrete.dat, 1.3, Hill Climb with Interchange, 10558, 9.256, 8,
/home/wagner/src/CCP/instances/AES/Alegrete.dat, 1.3, Hill Climb with Shift, 10687.9, 0.865, 1,
/home/wagner/src/CCP/instances/AES/Alegrete.dat, 1.3, HMeans, 9456.45, 0.03, 9,
/home/wagner/src/CCP/instances/AES/Alegrete.dat, 1.3, Hill Climb with Interchange, 9234.76, 12.809, 9,
/home/wagner/src/CCP/instances/AES/Alegrete.dat, 1.3, Hill Climb with Shift, 9456.45, 0.788, 1,
/home/wagner/src/CCP/instances/AES/Alegrete.dat, 1.3, HMeans, 10610.7, 0.029, 10,
/home/wagner/src/CCP/instances/AES/Alegrete.dat, 1.3, Hill Climb with Interchange, 10567.5, 5.055, 10,
/home/wagner/src/CCP/instances/AES/Alegrete.dat, 1.3, Hill Climb with Shift, 10610.7, 1.526, 1,
/home/wagner/src/CCP/instances/AES/Alegrete.dat, 1.3, HMeans, 9442.55, 0.022, 7,
/home/wagner/src/CCP/instances/AES/Alegrete.dat, 1.3, Hill Climb with Interchange, 9308.39, 10.271, 7,
/home/wagner/src/CCP/instances/AES/Alegrete.dat, 1.3, Hill Climb with Shift, 9442.55, 1.019, 1,
/home/wagner/src/CCP/instances/AES/Alegrete.dat, 1.3, JMeans, 9026.43, 19.465, 10,
/home/wagner/src/CCP/instances/AES/Alegrete.dat, 1.3, Hill Climb with Interchange, 8986.37, 4.082, 10,
/home/wagner/src/CCP/instances/AES/Alegrete.dat, 1.3, Hill Climb with Shift, 9026.43, 1.055, 1,
/home/wagner/src/CCP/instances/AES/Alegrete.dat, 1.3, JMeans, 10050.6, 31.269, 19,
/home/wagner/src/CCP/instances/AES/Alegrete.dat, 1.3, Hill Climb with Interchange, 9925.8, 12.655, 19,
/home/wagner/src/CCP/instances/AES/Alegrete.dat, 1.3, Hill Climb with Shift, 10050.6, 1.102, 1,
/home/wagner/src/CCP/instances/AES/Alegrete.dat, 1.3, JMeans, 9419.77, 27.283, 17,
/home/wagner/src/CCP/instances/AES/Alegrete.dat, 1.3, Hill Climb with Interchange, 9312.38, 10.144, 17,
/home/wagner/src/CCP/instances/AES/Alegrete.dat, 1.3, Hill Climb with Shift, 9341.24, 2.687, 3,
/home/wagner/src/CCP/instances/AES/Alegrete.dat, 1.3, JMeans, 18299.9, 21.121, 14,
/home/wagner/src/CCP/instances/AES/Alegrete.dat, 1.3, Hill Climb with Interchange, 17572.9, 6.886, 14,
/home/wagner/src/CCP/instances/AES/Alegrete.dat, 1.3, Hill Climb with Shift, 18299.9, 1.397, 1,
/home/wagner/src/CCP/instances/AES/Alegrete.dat, 1.3, JMeans, 11023, 20.873, 10,
/home/wagner/src/CCP/instances/AES/Alegrete.dat, 1.3, Hill Climb with Interchange, 10577.6, 20.715, 10,
/home/wagner/src/CCP/instances/AES/Alegrete.dat, 1.3, Hill Climb with Shift, 11023, 0.834, 1,
/home/wagner/src/CCP/instances/AES/Alegrete.dat, 1.3, JMeans, 9133.64, 19.906, 12,
/home/wagner/src/CCP/instances/AES/Alegrete.dat, 1.3, Hill Climb with Interchange, 9008.49, 11.22, 12,
/home/wagner/src/CCP/instances/AES/Alegrete.dat, 1.3, Hill Climb with Shift, 8957.39, 2.348, 3,
/home/wagner/src/CCP/instances/AES/Alegrete.dat, 1.3, JMeans, 9893.87, 18.551, 12,
/home/wagner/src/CCP/instances/AES/Alegrete.dat, 1.3, Hill Climb with Interchange, 9658.21, 11.771, 12,
/home/wagner/src/CCP/instances/AES/Alegrete.dat, 1.3, Hill Climb with Shift, 9893.87, 1.139, 1,
/home/wagner/src/CCP/instances/AES/Alegrete.dat, 1.3, JMeans, 10759.6, 30.656, 18,
/home/wagner/src/CCP/instances/AES/Alegrete.dat, 1.3, Hill Climb with Interchange, 10523.3, 10.991, 18,
/home/wagner/src/CCP/instances/AES/Alegrete.dat, 1.3, Hill Climb with Shift, 10724.1, 2.664, 2,
/home/wagner/src/CCP/instances/AES/Alegrete.dat, 1.3, JMeans, 11612.2, 11.289, 10,
/home/wagner/src/CCP/instances/AES/Alegrete.dat, 1.3, Hill Climb with Interchange, 11220, 21.856, 10,
/home/wagner/src/CCP/instances/AES/Alegrete.dat, 1.3, Hill Climb with Shift, 11513.5, 2.262, 3,
/home/wagner/src/CCP/instances/AES/Alegrete.dat, 1.3, JMeans, 10589.3, 21.868, 12,
/home/wagner/src/CCP/instances/AES/Alegrete.dat, 1.3, Hill Climb with Interchange, 10530.4, 8.106, 12,
/home/wagner/src/CCP/instances/AES/Alegrete.dat, 1.3, Hill Climb with Shift, 10589.3, 1.121, 1,
/home/wagner/src/CCP/instances/AES/Alegrete.dat, 1.3, Randon Density, 8818.83, 15.695, 0,
/home/wagner/src/CCP/instances/AES/Alegrete.dat, 1.3, Hill Climb with Interchange, 8811.31, 2.219, 0,
/home/wagner/src/CCP/instances/AES/Alegrete.dat, 1.3, Hill Climb with Shift, 8818.83, 1.2, 1,
/home/wagner/src/CCP/instances/AES/Alegrete.dat, 1.3, Randon Density, 9097.9, 6.893, 0,
/home/wagner/src/CCP/instances/AES/Alegrete.dat, 1.3, Hill Climb with Interchange, 9097.39, 0.643, 0,
/home/wagner/src/CCP/instances/AES/Alegrete.dat, 1.3, Hill Climb with Shift, 9097.9, 1.155, 1,
/home/wagner/src/CCP/instances/AES/Alegrete.dat, 1.3, Randon Density, 9084.86, 7.001, 0,
/home/wagner/src/CCP/instances/AES/Alegrete.dat, 1.3, Hill Climb with Interchange, 9074.03, 2.519, 0,
/home/wagner/src/CCP/instances/AES/Alegrete.dat, 1.3, Hill Climb with Shift, 9084.86, 1.153, 1,
/home/wagner/src/CCP/instances/AES/Alegrete.dat, 1.3, Randon Density, 8873.78, 7.328, 0,
/home/wagner/src/CCP/instances/AES/Alegrete.dat, 1.3, Hill Climb with Interchange, 8867.16, 2.209, 0,
/home/wagner/src/CCP/instances/AES/Alegrete.dat, 1.3, Hill Climb with Shift, 8873.78, 1.037, 1,
/home/wagner/src/CCP/instances/AES/Alegrete.dat, 1.3, Randon Density, 9122.71, 9.366, 0,
/home/wagner/src/CCP/instances/AES/Alegrete.dat, 1.3, Hill Climb with Interchange, 9116.31, 0.956, 0,
/home/wagner/src/CCP/instances/AES/Alegrete.dat, 1.3, Hill Climb with Shift, 9122.71, 1.338, 1,
/home/wagner/src/CCP/instances/AES/Alegrete.dat, 1.3, Randon Density, 10532.1, 8.121, 0,
/home/wagner/src/CCP/instances/AES/Alegrete.dat, 1.3, Hill Climb with Interchange, 10525.7, 2.315, 0,
/home/wagner/src/CCP/instances/AES/Alegrete.dat, 1.3, Hill Climb with Shift, 10532.1, 1.185, 1,
/home/wagner/src/CCP/instances/AES/Alegrete.dat, 1.3, Randon Density, 10618.3, 11.37, 0,
/home/wagner/src/CCP/instances/AES/Alegrete.dat, 1.3, Hill Climb with Interchange, 10582.6, 3.589, 0,
/home/wagner/src/CCP/instances/AES/Alegrete.dat, 1.3, Hill Climb with Shift, 10618.3, 0.929, 1,
/home/wagner/src/CCP/instances/AES/Alegrete.dat, 1.3, Randon Density, 8846.04, 7.488, 0,
/home/wagner/src/CCP/instances/AES/Alegrete.dat, 1.3, Hill Climb with Interchange, 8834.99, 1.987, 0,
/home/wagner/src/CCP/instances/AES/Alegrete.dat, 1.3, Hill Climb with Shift, 8846.04, 1.174, 1,
/home/wagner/src/CCP/instances/AES/Alegrete.dat, 1.3, Randon Density, 8899, 6.913, 0,
/home/wagner/src/CCP/instances/AES/Alegrete.dat, 1.3, Hill Climb with Interchange, 8890.55, 2.249, 0,
/home/wagner/src/CCP/instances/AES/Alegrete.dat, 1.3, Hill Climb with Shift, 8899, 1.295, 1,
/home/wagner/src/CCP/instances/AES/Alegrete.dat, 1.3, Randon Density, 9084.21, 13.193, 0,
/home/wagner/src/CCP/instances/AES/Alegrete.dat, 1.3, Hill Climb with Interchange, 9082.57, 1.036, 0,
/home/wagner/src/CCP/instances/AES/Alegrete.dat, 1.3, Hill Climb with Shift, 9079.68, 4.141, 3,

Instance /home/wagner/src/CCP/instances/AES/Alegrete.dat sex jun 18 17:09:59 2010
Instance /home/wagner/src/CCP/instances/AES/Alegrete.dat qua jun 23 06:31:17 2010
Instance /home/wagner/src/CCP/instances/AES/Alegrete.dat qua jun 23 07:27:15 2010