
Instance /home/wagner/src/CCP/instances/AES/Cacapava_10.dat dom jun 6 23:50:59 2010/home/wagner/src/CCP/instances/AES/Cacapava_10.dat, 1.1, Farthest, 27877.4, 0.069, 0,
/home/wagner/src/CCP/instances/AES/Cacapava_10.dat, 1.1, Hill Climb with Interchange, 21841.3, 16.765, 0,
/home/wagner/src/CCP/instances/AES/Cacapava_10.dat, 1.1, Hill Climb with Shift, 27877.4, 0.2, 1,
/home/wagner/src/CCP/instances/AES/Cacapava_10.dat, 1.1, Density, 6447.66, 2.064, 10,
/home/wagner/src/CCP/instances/AES/Cacapava_10.dat, 1.1, Hill Climb with Interchange, 6380.63, 0.425, 10,
/home/wagner/src/CCP/instances/AES/Cacapava_10.dat, 1.1, Hill Climb with Shift, 6446.01, 1.997, 3,
/home/wagner/src/CCP/instances/AES/Cacapava_10.dat, 1.1, HMeans, 6585.74, 0.009, 4,
/home/wagner/src/CCP/instances/AES/Cacapava_10.dat, 1.1, Hill Climb with Interchange, 6418.31, 2.936, 4,
/home/wagner/src/CCP/instances/AES/Cacapava_10.dat, 1.1, Hill Climb with Shift, 6585.74, 0.396, 1,
/home/wagner/src/CCP/instances/AES/Cacapava_10.dat, 1.1, HMeans, 6530.14, 0.018, 9,
/home/wagner/src/CCP/instances/AES/Cacapava_10.dat, 1.1, Hill Climb with Interchange, 6389, 1.818, 9,
/home/wagner/src/CCP/instances/AES/Cacapava_10.dat, 1.1, Hill Climb with Shift, 6516.09, 1.013, 3,
/home/wagner/src/CCP/instances/AES/Cacapava_10.dat, 1.1, HMeans, 6584.6, 1.859, 1001,
/home/wagner/src/CCP/instances/AES/Cacapava_10.dat, 1.1, Hill Climb with Interchange, 6418.97, 4.655, 1001,
/home/wagner/src/CCP/instances/AES/Cacapava_10.dat, 1.1, Hill Climb with Shift, 6584.6, 0.507, 1,
/home/wagner/src/CCP/instances/AES/Cacapava_10.dat, 1.1, HMeans, 6482.04, 0.016, 9,
/home/wagner/src/CCP/instances/AES/Cacapava_10.dat, 1.1, Hill Climb with Interchange, 6355.02, 1.859, 9,
/home/wagner/src/CCP/instances/AES/Cacapava_10.dat, 1.1, Hill Climb with Shift, 6482.04, 0.587, 1,
/home/wagner/src/CCP/instances/AES/Cacapava_10.dat, 1.1, HMeans, 6670.04, 0.012, 6,
/home/wagner/src/CCP/instances/AES/Cacapava_10.dat, 1.1, Hill Climb with Interchange, 6373.05, 6.646, 6,
/home/wagner/src/CCP/instances/AES/Cacapava_10.dat, 1.1, Hill Climb with Shift, 6670.04, 0.198, 1,
/home/wagner/src/CCP/instances/AES/Cacapava_10.dat, 1.1, HMeans, 6573.1, 0.01, 5,
/home/wagner/src/CCP/instances/AES/Cacapava_10.dat, 1.1, Hill Climb with Interchange, 6378.86, 5.24, 5,
/home/wagner/src/CCP/instances/AES/Cacapava_10.dat, 1.1, Hill Climb with Shift, 6573.1, 0.335, 1,
/home/wagner/src/CCP/instances/AES/Cacapava_10.dat, 1.1, HMeans, 6696.89, 0.013, 6,
/home/wagner/src/CCP/instances/AES/Cacapava_10.dat, 1.1, Hill Climb with Interchange, 6485.34, 5.051, 6,
/home/wagner/src/CCP/instances/AES/Cacapava_10.dat, 1.1, Hill Climb with Shift, 6696.89, 0.31, 1,
/home/wagner/src/CCP/instances/AES/Cacapava_10.dat, 1.1, HMeans, 6574.62, 0.012, 6,
/home/wagner/src/CCP/instances/AES/Cacapava_10.dat, 1.1, Hill Climb with Interchange, 6442.34, 2.799, 6,
/home/wagner/src/CCP/instances/AES/Cacapava_10.dat, 1.1, Hill Climb with Shift, 6565.8, 0.694, 3,
/home/wagner/src/CCP/instances/AES/Cacapava_10.dat, 1.1, HMeans, 6659.76, 0.017, 8,
/home/wagner/src/CCP/instances/AES/Cacapava_10.dat, 1.1, Hill Climb with Interchange, 6512.89, 2.566, 8,
/home/wagner/src/CCP/instances/AES/Cacapava_10.dat, 1.1, Hill Climb with Shift, 6646.46, 1.198, 3,
/home/wagner/src/CCP/instances/AES/Cacapava_10.dat, 1.1, HMeans, 6588.46, 0.016, 8,
/home/wagner/src/CCP/instances/AES/Cacapava_10.dat, 1.1, Hill Climb with Interchange, 6435.9, 2.898, 8,
/home/wagner/src/CCP/instances/AES/Cacapava_10.dat, 1.1, Hill Climb with Shift, 6588.46, 0.361, 1,
/home/wagner/src/CCP/instances/AES/Cacapava_10.dat, 1.1, JMeans, 6980.87, 2.679, 8,
/home/wagner/src/CCP/instances/AES/Cacapava_10.dat, 1.1, Hill Climb with Interchange, 6587.11, 11.338, 8,
/home/wagner/src/CCP/instances/AES/Cacapava_10.dat, 1.1, Hill Climb with Shift, 6980.87, 0.338, 1,
/home/wagner/src/CCP/instances/AES/Cacapava_10.dat, 1.1, JMeans, 7060.19, 1.414, 5,
/home/wagner/src/CCP/instances/AES/Cacapava_10.dat, 1.1, Hill Climb with Interchange, 6671.73, 11.791, 5,
/home/wagner/src/CCP/instances/AES/Cacapava_10.dat, 1.1, Hill Climb with Shift, 7048.5, 0.74, 2,
/home/wagner/src/CCP/instances/AES/Cacapava_10.dat, 1.1, JMeans, 6846.36, 3.04, 9,
/home/wagner/src/CCP/instances/AES/Cacapava_10.dat, 1.1, Hill Climb with Interchange, 6485.53, 9.501, 9,
/home/wagner/src/CCP/instances/AES/Cacapava_10.dat, 1.1, Hill Climb with Shift, 6765.35, 0.719, 3,
/home/wagner/src/CCP/instances/AES/Cacapava_10.dat, 1.1, JMeans, 6865.44, 4.392, 13,
/home/wagner/src/CCP/instances/AES/Cacapava_10.dat, 1.1, Hill Climb with Interchange, 6520.82, 11.174, 13,
/home/wagner/src/CCP/instances/AES/Cacapava_10.dat, 1.1, Hill Climb with Shift, 6858.77, 0.869, 2,
/home/wagner/src/CCP/instances/AES/Cacapava_10.dat, 1.1, JMeans, 7446.19, 0.754, 5,
/home/wagner/src/CCP/instances/AES/Cacapava_10.dat, 1.1, Hill Climb with Interchange, 6597.77, 11.649, 5,
/home/wagner/src/CCP/instances/AES/Cacapava_10.dat, 1.1, Hill Climb with Shift, 7117.87, 1.115, 3,
/home/wagner/src/CCP/instances/AES/Cacapava_10.dat, 1.1, JMeans, 17986.1, 2.216, 6,
/home/wagner/src/CCP/instances/AES/Cacapava_10.dat, 1.1, Hill Climb with Interchange, 17190, 14.679, 6,
/home/wagner/src/CCP/instances/AES/Cacapava_10.dat, 1.1, Hill Climb with Shift, 17866.6, 1.147, 3,
/home/wagner/src/CCP/instances/AES/Cacapava_10.dat, 1.1, JMeans, 7010.96, 3.497, 10,
/home/wagner/src/CCP/instances/AES/Cacapava_10.dat, 1.1, Hill Climb with Interchange, 6500.97, 13.134, 10,
/home/wagner/src/CCP/instances/AES/Cacapava_10.dat, 1.1, Hill Climb with Shift, 7010.96, 0.364, 1,
/home/wagner/src/CCP/instances/AES/Cacapava_10.dat, 1.1, JMeans, 7002.64, 1.07, 7,
/home/wagner/src/CCP/instances/AES/Cacapava_10.dat, 1.1, Hill Climb with Interchange, 6540.03, 13.83, 7,
/home/wagner/src/CCP/instances/AES/Cacapava_10.dat, 1.1, Hill Climb with Shift, 7002.64, 0.37, 1,
/home/wagner/src/CCP/instances/AES/Cacapava_10.dat, 1.1, JMeans, 6994.57, 1.731, 9,
/home/wagner/src/CCP/instances/AES/Cacapava_10.dat, 1.1, Hill Climb with Interchange, 6530.24, 11.581, 9,
/home/wagner/src/CCP/instances/AES/Cacapava_10.dat, 1.1, Hill Climb with Shift, 6990.85, 0.716, 2,
/home/wagner/src/CCP/instances/AES/Cacapava_10.dat, 1.1, JMeans, 7110.3, 2.573, 9,
/home/wagner/src/CCP/instances/AES/Cacapava_10.dat, 1.1, Hill Climb with Interchange, 6557.52, 15.762, 9,
/home/wagner/src/CCP/instances/AES/Cacapava_10.dat, 1.1, Hill Climb with Shift, 7036.93, 0.717, 2,
/home/wagner/src/CCP/instances/AES/Cacapava_10.dat, 1.1, Randon Density, 6740.03, 4.175, 0,
/home/wagner/src/CCP/instances/AES/Cacapava_10.dat, 1.1, Hill Climb with Interchange, 6486.87, 0.598, 0,
/home/wagner/src/CCP/instances/AES/Cacapava_10.dat, 1.1, Hill Climb with Shift, 6740.03, 0.444, 1,
/home/wagner/src/CCP/instances/AES/Cacapava_10.dat, 1.1, Randon Density, 6488.78, 2.164, 0,
/home/wagner/src/CCP/instances/AES/Cacapava_10.dat, 1.1, Hill Climb with Interchange, 6340.11, 1.823, 0,
/home/wagner/src/CCP/instances/AES/Cacapava_10.dat, 1.1, Hill Climb with Shift, 6488.78, 0.402, 1,
/home/wagner/src/CCP/instances/AES/Cacapava_10.dat, 1.1, Randon Density, 6458, 2.364, 0,
/home/wagner/src/CCP/instances/AES/Cacapava_10.dat, 1.1, Hill Climb with Interchange, 6298.2, 1.113, 0,
/home/wagner/src/CCP/instances/AES/Cacapava_10.dat, 1.1, Hill Climb with Shift, 6456.89, 1.048, 3,
/home/wagner/src/CCP/instances/AES/Cacapava_10.dat, 1.1, Randon Density, 6486.92, 3.264, 0,
/home/wagner/src/CCP/instances/AES/Cacapava_10.dat, 1.1, Hill Climb with Interchange, 6343.84, 1.996, 0,
/home/wagner/src/CCP/instances/AES/Cacapava_10.dat, 1.1, Hill Climb with Shift, 6486.92, 0.402, 1,
/home/wagner/src/CCP/instances/AES/Cacapava_10.dat, 1.1, Randon Density, 6562.48, 2.848, 0,
/home/wagner/src/CCP/instances/AES/Cacapava_10.dat, 1.1, Hill Climb with Interchange, 6340.47, 2.888, 0,
/home/wagner/src/CCP/instances/AES/Cacapava_10.dat, 1.1, Hill Climb with Shift, 6562.48, 0.189, 1,
/home/wagner/src/CCP/instances/AES/Cacapava_10.dat, 1.1, Randon Density, 6723.89, 1.627, 0,
/home/wagner/src/CCP/instances/AES/Cacapava_10.dat, 1.1, Hill Climb with Interchange, 6486.92, 2.653, 0,
/home/wagner/src/CCP/instances/AES/Cacapava_10.dat, 1.1, Hill Climb with Shift, 6723.89, 0.467, 1,
/home/wagner/src/CCP/instances/AES/Cacapava_10.dat, 1.1, Randon Density, 6497.09, 2.906, 0,
/home/wagner/src/CCP/instances/AES/Cacapava_10.dat, 1.1, Hill Climb with Interchange, 6341.22, 0.784, 0,
/home/wagner/src/CCP/instances/AES/Cacapava_10.dat, 1.1, Hill Climb with Shift, 6496.8, 0.79, 2,
/home/wagner/src/CCP/instances/AES/Cacapava_10.dat, 1.1, Randon Density, 6468.38, 2.079, 0,
/home/wagner/src/CCP/instances/AES/Cacapava_10.dat, 1.1, Hill Climb with Interchange, 6304.23, 1.665, 0,
/home/wagner/src/CCP/instances/AES/Cacapava_10.dat, 1.1, Hill Climb with Shift, 6468.38, 0.414, 1,
/home/wagner/src/CCP/instances/AES/Cacapava_10.dat, 1.1, Randon Density, 6716.83, 6.858, 0,
/home/wagner/src/CCP/instances/AES/Cacapava_10.dat, 1.1, Hill Climb with Interchange, 6466.14, 1.733, 0,
/home/wagner/src/CCP/instances/AES/Cacapava_10.dat, 1.1, Hill Climb with Shift, 6698.19, 1.024, 3,
/home/wagner/src/CCP/instances/AES/Cacapava_10.dat, 1.1, Randon Density, 6458.45, 2.585, 0,
/home/wagner/src/CCP/instances/AES/Cacapava_10.dat, 1.1, Hill Climb with Interchange, 6306.7, 0.795, 0,
/home/wagner/src/CCP/instances/AES/Cacapava_10.dat, 1.1, Hill Climb with Shift, 6452.14, 1.362, 3,
/home/wagner/src/CCP/instances/AES/Cacapava_10.dat, 1.2, Farthest, 9889.63, 0.008, 0,
/home/wagner/src/CCP/instances/AES/Cacapava_10.dat, 1.2, Hill Climb with Interchange, 7015.9, 19.599, 0,
/home/wagner/src/CCP/instances/AES/Cacapava_10.dat, 1.2, Hill Climb with Shift, 9889.63, 0.259, 1,
/home/wagner/src/CCP/instances/AES/Cacapava_10.dat, 1.2, Density, 6173.64, 1.786, 10,
/home/wagner/src/CCP/instances/AES/Cacapava_10.dat, 1.2, Hill Climb with Interchange, 6172.04, 0.439, 10,
/home/wagner/src/CCP/instances/AES/Cacapava_10.dat, 1.2, Hill Climb with Shift, 6173.64, 0.791, 1,
/home/wagner/src/CCP/instances/AES/Cacapava_10.dat, 1.2, HMeans, 6196.42, 0.012, 6,
/home/wagner/src/CCP/instances/AES/Cacapava_10.dat, 1.2, Hill Climb with Interchange, 5807.29, 3.83, 6,
/home/wagner/src/CCP/instances/AES/Cacapava_10.dat, 1.2, Hill Climb with Shift, 6194.09, 0.911, 3,
/home/wagner/src/CCP/instances/AES/Cacapava_10.dat, 1.2, HMeans, 6344.93, 0.01, 5,
/home/wagner/src/CCP/instances/AES/Cacapava_10.dat, 1.2, Hill Climb with Interchange, 6263.55, 5.149, 5,
/home/wagner/src/CCP/instances/AES/Cacapava_10.dat, 1.2, Hill Climb with Shift, 6341.28, 2.328, 5,
/home/wagner/src/CCP/instances/AES/Cacapava_10.dat, 1.2, HMeans, 6247.99, 0.014, 7,
/home/wagner/src/CCP/instances/AES/Cacapava_10.dat, 1.2, Hill Climb with Interchange, 6172.92, 5.44, 7,
/home/wagner/src/CCP/instances/AES/Cacapava_10.dat, 1.2, Hill Climb with Shift, 6247.99, 0.423, 1,
/home/wagner/src/CCP/instances/AES/Cacapava_10.dat, 1.2, HMeans, 5953.62, 0.013, 7,
/home/wagner/src/CCP/instances/AES/Cacapava_10.dat, 1.2, Hill Climb with Interchange, 5874.86, 5.453, 7,
/home/wagner/src/CCP/instances/AES/Cacapava_10.dat, 1.2, Hill Climb with Shift, 5953.62, 0.434, 1,
/home/wagner/src/CCP/instances/AES/Cacapava_10.dat, 1.2, HMeans, 6249.19, 0.013, 6,
/home/wagner/src/CCP/instances/AES/Cacapava_10.dat, 1.2, Hill Climb with Interchange, 6145.93, 4.86, 6,
/home/wagner/src/CCP/instances/AES/Cacapava_10.dat, 1.2, Hill Climb with Shift, 6249.19, 0.391, 1,
/home/wagner/src/CCP/instances/AES/Cacapava_10.dat, 1.2, HMeans, 7170.79, 0.009, 5,
/home/wagner/src/CCP/instances/AES/Cacapava_10.dat, 1.2, Hill Climb with Interchange, 6802.76, 3.306, 5,
/home/wagner/src/CCP/instances/AES/Cacapava_10.dat, 1.2, Hill Climb with Shift, 7170.79, 0.28, 1,
/home/wagner/src/CCP/instances/AES/Cacapava_10.dat, 1.2, HMeans, 6125.84, 0.015, 7,
/home/wagner/src/CCP/instances/AES/Cacapava_10.dat, 1.2, Hill Climb with Interchange, 6068.94, 1.952, 7,
/home/wagner/src/CCP/instances/AES/Cacapava_10.dat, 1.2, Hill Climb with Shift, 6125.84, 0.391, 1,
/home/wagner/src/CCP/instances/AES/Cacapava_10.dat, 1.2, HMeans, 6674.87, 0.02, 10,
/home/wagner/src/CCP/instances/AES/Cacapava_10.dat, 1.2, Hill Climb with Interchange, 6235.76, 4.998, 10,
/home/wagner/src/CCP/instances/AES/Cacapava_10.dat, 1.2, Hill Climb with Shift, 6674.87, 0.265, 1,
/home/wagner/src/CCP/instances/AES/Cacapava_10.dat, 1.2, HMeans, 5900.12, 0.013, 6,
/home/wagner/src/CCP/instances/AES/Cacapava_10.dat, 1.2, Hill Climb with Interchange, 5812.89, 3.861, 6,
/home/wagner/src/CCP/instances/AES/Cacapava_10.dat, 1.2, Hill Climb with Shift, 5887.72, 1.458, 3,
/home/wagner/src/CCP/instances/AES/Cacapava_10.dat, 1.2, HMeans, 6316.69, 0.015, 6,
/home/wagner/src/CCP/instances/AES/Cacapava_10.dat, 1.2, Hill Climb with Interchange, 6188.4, 6.43, 6,
/home/wagner/src/CCP/instances/AES/Cacapava_10.dat, 1.2, Hill Climb with Shift, 6316.69, 0.369, 1,
/home/wagner/src/CCP/instances/AES/Cacapava_10.dat, 1.2, JMeans, 6522.02, 4.212, 11,
/home/wagner/src/CCP/instances/AES/Cacapava_10.dat, 1.2, Hill Climb with Interchange, 6298.76, 10.509, 11,
/home/wagner/src/CCP/instances/AES/Cacapava_10.dat, 1.2, Hill Climb with Shift, 6522.02, 0.528, 1,
/home/wagner/src/CCP/instances/AES/Cacapava_10.dat, 1.2, JMeans, 6567.07, 3.061, 10,
/home/wagner/src/CCP/instances/AES/Cacapava_10.dat, 1.2, Hill Climb with Interchange, 6277.15, 12.716, 10,
/home/wagner/src/CCP/instances/AES/Cacapava_10.dat, 1.2, Hill Climb with Shift, 6567.07, 0.563, 1,
/home/wagner/src/CCP/instances/AES/Cacapava_10.dat, 1.2, JMeans, 6553.16, 1.676, 7,
/home/wagner/src/CCP/instances/AES/Cacapava_10.dat, 1.2, Hill Climb with Interchange, 6363.3, 8.892, 7,
/home/wagner/src/CCP/instances/AES/Cacapava_10.dat, 1.2, Hill Climb with Shift, 6553.16, 0.604, 1,
/home/wagner/src/CCP/instances/AES/Cacapava_10.dat, 1.2, JMeans, 6331.22, 2.532, 9,
/home/wagner/src/CCP/instances/AES/Cacapava_10.dat, 1.2, Hill Climb with Interchange, 6231.49, 5.138, 9,
/home/wagner/src/CCP/instances/AES/Cacapava_10.dat, 1.2, Hill Climb with Shift, 6331.22, 0.655, 1,
/home/wagner/src/CCP/instances/AES/Cacapava_10.dat, 1.2, JMeans, 6707.97, 0.514, 4,
/home/wagner/src/CCP/instances/AES/Cacapava_10.dat, 1.2, Hill Climb with Interchange, 6576.03, 6.722, 4,
/home/wagner/src/CCP/instances/AES/Cacapava_10.dat, 1.2, Hill Climb with Shift, 6007.75, 1.486, 3,
/home/wagner/src/CCP/instances/AES/Cacapava_10.dat, 1.2, JMeans, 6585.7, 1.432, 6,
/home/wagner/src/CCP/instances/AES/Cacapava_10.dat, 1.2, Hill Climb with Interchange, 6311.34, 7.729, 6,
/home/wagner/src/CCP/instances/AES/Cacapava_10.dat, 1.2, Hill Climb with Shift, 6545.03, 1.157, 2,
/home/wagner/src/CCP/instances/AES/Cacapava_10.dat, 1.2, JMeans, 6425.77, 3.525, 13,
/home/wagner/src/CCP/instances/AES/Cacapava_10.dat, 1.2, Hill Climb with Interchange, 6224.95, 8.401, 13,
/home/wagner/src/CCP/instances/AES/Cacapava_10.dat, 1.2, Hill Climb with Shift, 6425.77, 0.633, 1,
/home/wagner/src/CCP/instances/AES/Cacapava_10.dat, 1.2, JMeans, 6359.22, 1.375, 9,
/home/wagner/src/CCP/instances/AES/Cacapava_10.dat, 1.2, Hill Climb with Interchange, 6279.66, 4.202, 9,
/home/wagner/src/CCP/instances/AES/Cacapava_10.dat, 1.2, Hill Climb with Shift, 6359.22, 0.678, 1,
/home/wagner/src/CCP/instances/AES/Cacapava_10.dat, 1.2, JMeans, 8361.72, 1.201, 5,
/home/wagner/src/CCP/instances/AES/Cacapava_10.dat, 1.2, Hill Climb with Interchange, 7925.16, 5.98, 5,
/home/wagner/src/CCP/instances/AES/Cacapava_10.dat, 1.2, Hill Climb with Shift, 8280.6, 1.043, 2,
/home/wagner/src/CCP/instances/AES/Cacapava_10.dat, 1.2, JMeans, 6607.54, 1.568, 6,
/home/wagner/src/CCP/instances/AES/Cacapava_10.dat, 1.2, Hill Climb with Interchange, 6271.94, 8.681, 6,
/home/wagner/src/CCP/instances/AES/Cacapava_10.dat, 1.2, Hill Climb with Shift, 6512.26, 1.196, 2,
/home/wagner/src/CCP/instances/AES/Cacapava_10.dat, 1.2, Randon Density, 6110.44, 1.563, 0,
/home/wagner/src/CCP/instances/AES/Cacapava_10.dat, 1.2, Hill Climb with Interchange, 6109.81, 0.902, 0,
/home/wagner/src/CCP/instances/AES/Cacapava_10.dat, 1.2, Hill Climb with Shift, 6110.44, 0.752, 1,
/home/wagner/src/CCP/instances/AES/Cacapava_10.dat, 1.2, Randon Density, 6241.67, 2.476, 0,
/home/wagner/src/CCP/instances/AES/Cacapava_10.dat, 1.2, Hill Climb with Interchange, 6229, 0.603, 0,
/home/wagner/src/CCP/instances/AES/Cacapava_10.dat, 1.2, Hill Climb with Shift, 6241.67, 0.394, 1,
/home/wagner/src/CCP/instances/AES/Cacapava_10.dat, 1.2, Randon Density, 6146.75, 2.633, 0,
/home/wagner/src/CCP/instances/AES/Cacapava_10.dat, 1.2, Hill Climb with Interchange, 6146.75, 0.237, 0,
/home/wagner/src/CCP/instances/AES/Cacapava_10.dat, 1.2, Hill Climb with Shift, 6146.75, 0.885, 1,
/home/wagner/src/CCP/instances/AES/Cacapava_10.dat, 1.2, Randon Density, 6147.84, 2.227, 0,
/home/wagner/src/CCP/instances/AES/Cacapava_10.dat, 1.2, Hill Climb with Interchange, 6147.84, 0.216, 0,
/home/wagner/src/CCP/instances/AES/Cacapava_10.dat, 1.2, Hill Climb with Shift, 6146.59, 1.362, 2,
/home/wagner/src/CCP/instances/AES/Cacapava_10.dat, 1.2, Randon Density, 6167.55, 2.553, 0,
/home/wagner/src/CCP/instances/AES/Cacapava_10.dat, 1.2, Hill Climb with Interchange, 6167.55, 0.22, 0,
/home/wagner/src/CCP/instances/AES/Cacapava_10.dat, 1.2, Hill Climb with Shift, 6167.55, 0.71, 1,
/home/wagner/src/CCP/instances/AES/Cacapava_10.dat, 1.2, Randon Density, 5843.13, 2.775, 0,
/home/wagner/src/CCP/instances/AES/Cacapava_10.dat, 1.2, Hill Climb with Interchange, 5843.13, 0.202, 0,
/home/wagner/src/CCP/instances/AES/Cacapava_10.dat, 1.2, Hill Climb with Shift, 5841.26, 1.584, 3,
/home/wagner/src/CCP/instances/AES/Cacapava_10.dat, 1.2, Randon Density, 5835.27, 3.078, 0,
/home/wagner/src/CCP/instances/AES/Cacapava_10.dat, 1.2, Hill Climb with Interchange, 5832.38, 0.422, 0,
/home/wagner/src/CCP/instances/AES/Cacapava_10.dat, 1.2, Hill Climb with Shift, 5835.27, 0.34, 1,
/home/wagner/src/CCP/instances/AES/Cacapava_10.dat, 1.2, Randon Density, 6302.07, 1.989, 0,
/home/wagner/src/CCP/instances/AES/Cacapava_10.dat, 1.2, Hill Climb with Interchange, 6243.81, 3.706, 0,
/home/wagner/src/CCP/instances/AES/Cacapava_10.dat, 1.2, Hill Climb with Shift, 6302.07, 0.571, 1,
/home/wagner/src/CCP/instances/AES/Cacapava_10.dat, 1.2, Randon Density, 6132, 5.271, 0,
/home/wagner/src/CCP/instances/AES/Cacapava_10.dat, 1.2, Hill Climb with Interchange, 6109.15, 2.175, 0,
/home/wagner/src/CCP/instances/AES/Cacapava_10.dat, 1.2, Hill Climb with Shift, 6132, 0.691, 1,
/home/wagner/src/CCP/instances/AES/Cacapava_10.dat, 1.2, Randon Density, 6152.94, 1.811, 0,
/home/wagner/src/CCP/instances/AES/Cacapava_10.dat, 1.2, Hill Climb with Interchange, 6152.94, 0.208, 0,
/home/wagner/src/CCP/instances/AES/Cacapava_10.dat, 1.2, Hill Climb with Shift, 6152.94, 0.685, 1,
/home/wagner/src/CCP/instances/AES/Cacapava_10.dat, 1.3, Farthest, 8374.61, 0.012, 0,
/home/wagner/src/CCP/instances/AES/Cacapava_10.dat, 1.3, Hill Climb with Interchange, 7163.46, 18.828, 0,
/home/wagner/src/CCP/instances/AES/Cacapava_10.dat, 1.3, Hill Climb with Shift, 8374.61, 0.363, 1,
/home/wagner/src/CCP/instances/AES/Cacapava_10.dat, 1.3, Density, 6155.29, 1.391, 10,
/home/wagner/src/CCP/instances/AES/Cacapava_10.dat, 1.3, Hill Climb with Interchange, 6148.72, 1.998, 10,
/home/wagner/src/CCP/instances/AES/Cacapava_10.dat, 1.3, Hill Climb with Shift, 6155.29, 0.763, 1,
/home/wagner/src/CCP/instances/AES/Cacapava_10.dat, 1.3, HMeans, 6528.36, 2.004, 1001,
/home/wagner/src/CCP/instances/AES/Cacapava_10.dat, 1.3, Hill Climb with Interchange, 6359.51, 6.023, 1001,
/home/wagner/src/CCP/instances/AES/Cacapava_10.dat, 1.3, Hill Climb with Shift, 6528.36, 0.478, 1,
/home/wagner/src/CCP/instances/AES/Cacapava_10.dat, 1.3, HMeans, 14506.6, 0.017, 8,
/home/wagner/src/CCP/instances/AES/Cacapava_10.dat, 1.3, Hill Climb with Interchange, 13419.1, 8.77, 8,
/home/wagner/src/CCP/instances/AES/Cacapava_10.dat, 1.3, Hill Climb with Shift, 14506.6, 0.398, 1,
/home/wagner/src/CCP/instances/AES/Cacapava_10.dat, 1.3, HMeans, 15160.3, 0.009, 4,
/home/wagner/src/CCP/instances/AES/Cacapava_10.dat, 1.3, Hill Climb with Interchange, 14209.9, 3.759, 4,
/home/wagner/src/CCP/instances/AES/Cacapava_10.dat, 1.3, Hill Climb with Shift, 15160.3, 0.51, 1,
/home/wagner/src/CCP/instances/AES/Cacapava_10.dat, 1.3, HMeans, 14290.3, 0.01, 5,
/home/wagner/src/CCP/instances/AES/Cacapava_10.dat, 1.3, Hill Climb with Interchange, 13226.3, 6.079, 5,
/home/wagner/src/CCP/instances/AES/Cacapava_10.dat, 1.3, Hill Climb with Shift, 14290.3, 0.609, 1,
/home/wagner/src/CCP/instances/AES/Cacapava_10.dat, 1.3, HMeans, 5682.98, 0.011, 6,
/home/wagner/src/CCP/instances/AES/Cacapava_10.dat, 1.3, Hill Climb with Interchange, 5623.61, 3.701, 6,
/home/wagner/src/CCP/instances/AES/Cacapava_10.dat, 1.3, Hill Climb with Shift, 5682.98, 0.722, 1,
/home/wagner/src/CCP/instances/AES/Cacapava_10.dat, 1.3, HMeans, 6419.16, 0.01, 5,
/home/wagner/src/CCP/instances/AES/Cacapava_10.dat, 1.3, Hill Climb with Interchange, 6348.23, 3.19, 5,
/home/wagner/src/CCP/instances/AES/Cacapava_10.dat, 1.3, Hill Climb with Shift, 6419.16, 0.621, 1,
/home/wagner/src/CCP/instances/AES/Cacapava_10.dat, 1.3, HMeans, 13906.5, 0.01, 5,
/home/wagner/src/CCP/instances/AES/Cacapava_10.dat, 1.3, Hill Climb with Interchange, 12820.9, 7.081, 5,
/home/wagner/src/CCP/instances/AES/Cacapava_10.dat, 1.3, Hill Climb with Shift, 13901, 1.232, 3,
/home/wagner/src/CCP/instances/AES/Cacapava_10.dat, 1.3, HMeans, 14850.3, 2.038, 1001,
/home/wagner/src/CCP/instances/AES/Cacapava_10.dat, 1.3, Hill Climb with Interchange, 13680.4, 9.308, 1001,
/home/wagner/src/CCP/instances/AES/Cacapava_10.dat, 1.3, Hill Climb with Shift, 14850.3, 0.575, 1,
/home/wagner/src/CCP/instances/AES/Cacapava_10.dat, 1.3, HMeans, 6209.28, 0.009, 4,
/home/wagner/src/CCP/instances/AES/Cacapava_10.dat, 1.3, Hill Climb with Interchange, 6194.92, 0.923, 4,
/home/wagner/src/CCP/instances/AES/Cacapava_10.dat, 1.3, Hill Climb with Shift, 6209.28, 0.942, 1,
/home/wagner/src/CCP/instances/AES/Cacapava_10.dat, 1.3, HMeans, 5646.03, 0.008, 4,
/home/wagner/src/CCP/instances/AES/Cacapava_10.dat, 1.3, Hill Climb with Interchange, 5601.49, 2.762, 4,
/home/wagner/src/CCP/instances/AES/Cacapava_10.dat, 1.3, Hill Climb with Shift, 5646.03, 0.668, 1,
/home/wagner/src/CCP/instances/AES/Cacapava_10.dat, 1.3, JMeans, 7353.25, 1.373, 5,
/home/wagner/src/CCP/instances/AES/Cacapava_10.dat, 1.3, Hill Climb with Interchange, 7053.37, 11.557, 5,
/home/wagner/src/CCP/instances/AES/Cacapava_10.dat, 1.3, Hill Climb with Shift, 7353.25, 0.511, 1,
/home/wagner/src/CCP/instances/AES/Cacapava_10.dat, 1.3, JMeans, 14450.6, 0.954, 5,
/home/wagner/src/CCP/instances/AES/Cacapava_10.dat, 1.3, Hill Climb with Interchange, 13172.3, 8.775, 5,
/home/wagner/src/CCP/instances/AES/Cacapava_10.dat, 1.3, Hill Climb with Shift, 14450.6, 0.606, 1,
/home/wagner/src/CCP/instances/AES/Cacapava_10.dat, 1.3, JMeans, 6620.64, 1.857, 9,
/home/wagner/src/CCP/instances/AES/Cacapava_10.dat, 1.3, Hill Climb with Interchange, 6460.26, 8.689, 9,
/home/wagner/src/CCP/instances/AES/Cacapava_10.dat, 1.3, Hill Climb with Shift, 6620.64, 0.655, 1,
/home/wagner/src/CCP/instances/AES/Cacapava_10.dat, 1.3, JMeans, 6471.25, 1.309, 7,
/home/wagner/src/CCP/instances/AES/Cacapava_10.dat, 1.3, Hill Climb with Interchange, 6341.07, 5.48, 7,
/home/wagner/src/CCP/instances/AES/Cacapava_10.dat, 1.3, Hill Climb with Shift, 6471.25, 0.693, 1,
/home/wagner/src/CCP/instances/AES/Cacapava_10.dat, 1.3, JMeans, 6619.59, 2.19, 11,
/home/wagner/src/CCP/instances/AES/Cacapava_10.dat, 1.3, Hill Climb with Interchange, 6427.59, 9.022, 11,
/home/wagner/src/CCP/instances/AES/Cacapava_10.dat, 1.3, Hill Climb with Shift, 6619.59, 0.57, 1,
/home/wagner/src/CCP/instances/AES/Cacapava_10.dat, 1.3, JMeans, 6534.15, 1.804, 8,
/home/wagner/src/CCP/instances/AES/Cacapava_10.dat, 1.3, Hill Climb with Interchange, 6358.07, 6.776, 8,
/home/wagner/src/CCP/instances/AES/Cacapava_10.dat, 1.3, Hill Climb with Shift, 6534.15, 0.649, 1,
/home/wagner/src/CCP/instances/AES/Cacapava_10.dat, 1.3, JMeans, 6597.92, 1.884, 10,
/home/wagner/src/CCP/instances/AES/Cacapava_10.dat, 1.3, Hill Climb with Interchange, 6389.44, 8.74, 10,
/home/wagner/src/CCP/instances/AES/Cacapava_10.dat, 1.3, Hill Climb with Shift, 6597.92, 0.58, 1,
/home/wagner/src/CCP/instances/AES/Cacapava_10.dat, 1.3, JMeans, 6438.22, 0.701, 4,
/home/wagner/src/CCP/instances/AES/Cacapava_10.dat, 1.3, Hill Climb with Interchange, 6292.55, 5.994, 4,
/home/wagner/src/CCP/instances/AES/Cacapava_10.dat, 1.3, Hill Climb with Shift, 6438.22, 0.721, 1,
/home/wagner/src/CCP/instances/AES/Cacapava_10.dat, 1.3, JMeans, 5608.78, 0.864, 7,
/home/wagner/src/CCP/instances/AES/Cacapava_10.dat, 1.3, Hill Climb with Interchange, 5277.05, 12.021, 7,
/home/wagner/src/CCP/instances/AES/Cacapava_10.dat, 1.3, Hill Climb with Shift, 5593.21, 1.068, 2,
/home/wagner/src/CCP/instances/AES/Cacapava_10.dat, 1.3, JMeans, 5700.35, 1.176, 7,
/home/wagner/src/CCP/instances/AES/Cacapava_10.dat, 1.3, Hill Climb with Interchange, 5400.53, 7.539, 7,
/home/wagner/src/CCP/instances/AES/Cacapava_10.dat, 1.3, Hill Climb with Shift, 5700.35, 0.519, 1,
/home/wagner/src/CCP/instances/AES/Cacapava_10.dat, 1.3, Randon Density, 6187.07, 1.921, 0,
/home/wagner/src/CCP/instances/AES/Cacapava_10.dat, 1.3, Hill Climb with Interchange, 6187.07, 0.223, 0,
/home/wagner/src/CCP/instances/AES/Cacapava_10.dat, 1.3, Hill Climb with Shift, 6187.07, 0.843, 1,
/home/wagner/src/CCP/instances/AES/Cacapava_10.dat, 1.3, Randon Density, 5841.63, 2.37, 0,
/home/wagner/src/CCP/instances/AES/Cacapava_10.dat, 1.3, Hill Climb with Interchange, 5829.22, 1.413, 0,
/home/wagner/src/CCP/instances/AES/Cacapava_10.dat, 1.3, Hill Climb with Shift, 5841.63, 0.628, 1,
/home/wagner/src/CCP/instances/AES/Cacapava_10.dat, 1.3, Randon Density, 5807.21, 2.092, 0,
/home/wagner/src/CCP/instances/AES/Cacapava_10.dat, 1.3, Hill Climb with Interchange, 5807.21, 0.227, 0,
/home/wagner/src/CCP/instances/AES/Cacapava_10.dat, 1.3, Hill Climb with Shift, 5807.21, 0.711, 1,
/home/wagner/src/CCP/instances/AES/Cacapava_10.dat, 1.3, Randon Density, 6234.48, 1.84, 0,
/home/wagner/src/CCP/instances/AES/Cacapava_10.dat, 1.3, Hill Climb with Interchange, 6234.48, 0.217, 0,
/home/wagner/src/CCP/instances/AES/Cacapava_10.dat, 1.3, Hill Climb with Shift, 6234.48, 0.732, 1,
/home/wagner/src/CCP/instances/AES/Cacapava_10.dat, 1.3, Randon Density, 6025.53, 2.515, 0,
/home/wagner/src/CCP/instances/AES/Cacapava_10.dat, 1.3, Hill Climb with Interchange, 6025.53, 0.331, 0,
/home/wagner/src/CCP/instances/AES/Cacapava_10.dat, 1.3, Hill Climb with Shift, 6016.13, 2.347, 3,
/home/wagner/src/CCP/instances/AES/Cacapava_10.dat, 1.3, Randon Density, 10823.1, 2.941, 0,
/home/wagner/src/CCP/instances/AES/Cacapava_10.dat, 1.3, Hill Climb with Interchange, 10593.7, 4.272, 0,
/home/wagner/src/CCP/instances/AES/Cacapava_10.dat, 1.3, Hill Climb with Shift, 10823.1, 0.579, 1,
/home/wagner/src/CCP/instances/AES/Cacapava_10.dat, 1.3, Randon Density, 6136.56, 2.408, 0,
/home/wagner/src/CCP/instances/AES/Cacapava_10.dat, 1.3, Hill Climb with Interchange, 6108.57, 1.793, 0,
/home/wagner/src/CCP/instances/AES/Cacapava_10.dat, 1.3, Hill Climb with Shift, 6136.56, 0.64, 1,
/home/wagner/src/CCP/instances/AES/Cacapava_10.dat, 1.3, Randon Density, 5858.33, 2.31, 0,
/home/wagner/src/CCP/instances/AES/Cacapava_10.dat, 1.3, Hill Climb with Interchange, 5840.07, 1.322, 0,
/home/wagner/src/CCP/instances/AES/Cacapava_10.dat, 1.3, Hill Climb with Shift, 5858.33, 0.589, 1,
/home/wagner/src/CCP/instances/AES/Cacapava_10.dat, 1.3, Randon Density, 6108.75, 2.265, 0,
/home/wagner/src/CCP/instances/AES/Cacapava_10.dat, 1.3, Hill Climb with Interchange, 6108.75, 0.246, 0,
/home/wagner/src/CCP/instances/AES/Cacapava_10.dat, 1.3, Hill Climb with Shift, 6108.75, 0.729, 1,
/home/wagner/src/CCP/instances/AES/Cacapava_10.dat, 1.3, Randon Density, 5799.31, 2.235, 0,
/home/wagner/src/CCP/instances/AES/Cacapava_10.dat, 1.3, Hill Climb with Interchange, 5792.98, 0.692, 0,
/home/wagner/src/CCP/instances/AES/Cacapava_10.dat, 1.3, Hill Climb with Shift, 5799.31, 0.655, 1,
