
Instance /home/wagner/src/CCP/instances/AES/Lajeado.dat dom jun 6 19:45:38 2010/home/wagner/src/CCP/instances/AES/Lajeado.dat, 1.10088, Farthest, 32343, 0.336, 0,
/home/wagner/src/CCP/instances/AES/Lajeado.dat, 1.10088, Hill Climb with Interchange, 26643.3, 78.445, 0,
/home/wagner/src/CCP/instances/AES/Lajeado.dat, 1.10088, Hill Climb with Shift, 32343, 0.987, 1,
/home/wagner/src/CCP/instances/AES/Lajeado.dat, 1.1, Farthest, 32398, 0.103, 0,
/home/wagner/src/CCP/instances/AES/Lajeado.dat, 1.1, Hill Climb with Interchange, 26971.6, 78.53, 0,
/home/wagner/src/CCP/instances/AES/Lajeado.dat, 1.1, Hill Climb with Shift, 32398, 1.087, 1,
/home/wagner/src/CCP/instances/AES/Lajeado.dat, 1.2, Farthest, 32248.7, 0.106, 0,
/home/wagner/src/CCP/instances/AES/Lajeado.dat, 1.2, Hill Climb with Interchange, 25471.7, 85.469, 0,
/home/wagner/src/CCP/instances/AES/Lajeado.dat, 1.2, Hill Climb with Shift, 32248.7, 1.45, 1,
/home/wagner/src/CCP/instances/AES/Lajeado.dat, 1.3, Farthest, 27915.8, 0.103, 0,
/home/wagner/src/CCP/instances/AES/Lajeado.dat, 1.3, Hill Climb with Interchange, 21275.1, 99.72, 0,
/home/wagner/src/CCP/instances/AES/Lajeado.dat, 1.3, Hill Climb with Shift, 27915.8, 1.332, 1,

Instance /home/wagner/src/CCP/instances/AES/Lajeado.dat dom jun 6 19:48:54 2010/home/wagner/src/CCP/instances/AES/Lajeado.dat, 1.10088, Density, 9167.42, 8.673, 10,
/home/wagner/src/CCP/instances/AES/Lajeado.dat, 1.10088, Hill Climb with Interchange, 9119.57, 11.646, 10,
/home/wagner/src/CCP/instances/AES/Lajeado.dat, 1.10088, Hill Climb with Shift, 9167.42, 1.933, 1,
/home/wagner/src/CCP/instances/AES/Lajeado.dat, 1.1, Density, 9174.75, 8.394, 10,
/home/wagner/src/CCP/instances/AES/Lajeado.dat, 1.1, Hill Climb with Interchange, 9123.13, 11.84, 10,
/home/wagner/src/CCP/instances/AES/Lajeado.dat, 1.1, Hill Climb with Shift, 9174.75, 1.966, 1,
/home/wagner/src/CCP/instances/AES/Lajeado.dat, 1.2, Density, 8798.55, 10.272, 10,
/home/wagner/src/CCP/instances/AES/Lajeado.dat, 1.2, Hill Climb with Interchange, 8798.55, 1.021, 10,
/home/wagner/src/CCP/instances/AES/Lajeado.dat, 1.2, Hill Climb with Shift, 8797.36, 10.775, 3,
/home/wagner/src/CCP/instances/AES/Lajeado.dat, 1.3, Density, 8735.79, 10.305, 10,
/home/wagner/src/CCP/instances/AES/Lajeado.dat, 1.3, Hill Climb with Interchange, 8735.79, 1.098, 10,
/home/wagner/src/CCP/instances/AES/Lajeado.dat, 1.3, Hill Climb with Shift, 8735.79, 4.143, 1,

Instance /home/wagner/src/CCP/instances/AES/Lajeado.dat dom jun 6 23:04:53 2010/home/wagner/src/CCP/instances/AES/Lajeado.dat, 1.10088, Farthest, 32343, 0.29, 0,
/home/wagner/src/CCP/instances/AES/Lajeado.dat, 1.10088, Hill Climb with Interchange, 26643.3, 88.916, 0,
/home/wagner/src/CCP/instances/AES/Lajeado.dat, 1.10088, Hill Climb with Shift, 32343, 113.375, 1,
/home/wagner/src/CCP/instances/AES/Lajeado.dat, 1.10088, Density, 9167.42, 8.519, 10,
/home/wagner/src/CCP/instances/AES/Lajeado.dat, 1.10088, Hill Climb with Interchange, 9119.57, 12.845, 10,
/home/wagner/src/CCP/instances/AES/Lajeado.dat, 1.10088, Hill Climb with Shift, 9167.42, 2.282, 1,
/home/wagner/src/CCP/instances/AES/Lajeado.dat, 1.10088, HMeans, 11911.9, 0.051, 8,
/home/wagner/src/CCP/instances/AES/Lajeado.dat, 1.10088, Hill Climb with Interchange, 10498.7, 66.053, 8,
/home/wagner/src/CCP/instances/AES/Lajeado.dat, 1.10088, Hill Climb with Shift, 11911.9, 2.205, 1,
/home/wagner/src/CCP/instances/AES/Lajeado.dat, 1.10088, HMeans, 22559.3, 0.064, 9,
/home/wagner/src/CCP/instances/AES/Lajeado.dat, 1.10088, Hill Climb with Interchange, 20906.1, 106.305, 9,
/home/wagner/src/CCP/instances/AES/Lajeado.dat, 1.10088, Hill Climb with Shift, 22559.3, 6.55, 3,
/home/wagner/src/CCP/instances/AES/Lajeado.dat, 1.10088, HMeans, 9975.84, 0.059, 9,
/home/wagner/src/CCP/instances/AES/Lajeado.dat, 1.10088, Hill Climb with Interchange, 9280.82, 65.733, 9,
/home/wagner/src/CCP/instances/AES/Lajeado.dat, 1.10088, Hill Climb with Shift, 9975.84, 2.093, 1,
/home/wagner/src/CCP/instances/AES/Lajeado.dat, 1.10088, HMeans, 20571, 0.041, 7,
/home/wagner/src/CCP/instances/AES/Lajeado.dat, 1.10088, Hill Climb with Interchange, 19892.6, 54.047, 7,
/home/wagner/src/CCP/instances/AES/Lajeado.dat, 1.10088, Hill Climb with Shift, 20571, 2.085, 1,
/home/wagner/src/CCP/instances/AES/Lajeado.dat, 1.10088, HMeans, 19224.6, 0.062, 10,
/home/wagner/src/CCP/instances/AES/Lajeado.dat, 1.10088, Hill Climb with Interchange, 18694.8, 42.554, 10,
/home/wagner/src/CCP/instances/AES/Lajeado.dat, 1.10088, Hill Climb with Shift, 19224.6, 2.126, 1,
/home/wagner/src/CCP/instances/AES/Lajeado.dat, 1.10088, HMeans, 19579.9, 0.059, 9,
/home/wagner/src/CCP/instances/AES/Lajeado.dat, 1.10088, Hill Climb with Interchange, 19169, 47.637, 9,
/home/wagner/src/CCP/instances/AES/Lajeado.dat, 1.10088, Hill Climb with Shift, 19579.9, 2.597, 1,
/home/wagner/src/CCP/instances/AES/Lajeado.dat, 1.10088, HMeans, 9948.1, 0.05, 9,
/home/wagner/src/CCP/instances/AES/Lajeado.dat, 1.10088, Hill Climb with Interchange, 9203.14, 73.143, 9,
/home/wagner/src/CCP/instances/AES/Lajeado.dat, 1.10088, Hill Climb with Shift, 9948.1, 2.049, 1,
/home/wagner/src/CCP/instances/AES/Lajeado.dat, 1.10088, HMeans, 11880.6, 0.045, 5,
/home/wagner/src/CCP/instances/AES/Lajeado.dat, 1.10088, Hill Climb with Interchange, 10525.7, 74.262, 5,
/home/wagner/src/CCP/instances/AES/Lajeado.dat, 1.10088, Hill Climb with Shift, 11880.6, 1.919, 1,
/home/wagner/src/CCP/instances/AES/Lajeado.dat, 1.10088, HMeans, 10527.9, 0.028, 4,
/home/wagner/src/CCP/instances/AES/Lajeado.dat, 1.10088, Hill Climb with Interchange, 9610.25, 82.223, 4,
/home/wagner/src/CCP/instances/AES/Lajeado.dat, 1.10088, Hill Climb with Shift, 10527.9, 1.163, 1,
/home/wagner/src/CCP/instances/AES/Lajeado.dat, 1.10088, HMeans, 19432.5, 0.033, 6,
/home/wagner/src/CCP/instances/AES/Lajeado.dat, 1.10088, Hill Climb with Interchange, 18940.3, 69.692, 6,
/home/wagner/src/CCP/instances/AES/Lajeado.dat, 1.10088, Hill Climb with Shift, 19432.5, 2.459, 1,
/home/wagner/src/CCP/instances/AES/Lajeado.dat, 1.10088, Randon Density, 11194.4, 27.347, 0,
/home/wagner/src/CCP/instances/AES/Lajeado.dat, 1.10088, Hill Climb with Interchange, 10213.1, 63.757, 0,
/home/wagner/src/CCP/instances/AES/Lajeado.dat, 1.10088, Hill Climb with Shift, 11194.4, 1.929, 1,
/home/wagner/src/CCP/instances/AES/Lajeado.dat, 1.10088, Randon Density, 11194.3, 30.995, 0,
/home/wagner/src/CCP/instances/AES/Lajeado.dat, 1.10088, Hill Climb with Interchange, 10213, 64, 0,
/home/wagner/src/CCP/instances/AES/Lajeado.dat, 1.10088, Hill Climb with Shift, 11194.3, 1.931, 1,
/home/wagner/src/CCP/instances/AES/Lajeado.dat, 1.10088, Randon Density, 10999.3, 57.173, 0,
/home/wagner/src/CCP/instances/AES/Lajeado.dat, 1.10088, Hill Climb with Interchange, 9936.08, 70.017, 0,
/home/wagner/src/CCP/instances/AES/Lajeado.dat, 1.10088, Hill Climb with Shift, 10999.3, 1.93, 1,
/home/wagner/src/CCP/instances/AES/Lajeado.dat, 1.10088, Randon Density, 10486.4, 59.984, 0,
/home/wagner/src/CCP/instances/AES/Lajeado.dat, 1.10088, Hill Climb with Interchange, 9545.57, 69.844, 0,
/home/wagner/src/CCP/instances/AES/Lajeado.dat, 1.10088, Hill Climb with Shift, 10486.4, 1.839, 1,
/home/wagner/src/CCP/instances/AES/Lajeado.dat, 1.10088, Randon Density, 11194.4, 28.345, 0,
/home/wagner/src/CCP/instances/AES/Lajeado.dat, 1.10088, Hill Climb with Interchange, 10213.1, 61.269, 0,
/home/wagner/src/CCP/instances/AES/Lajeado.dat, 1.10088, Hill Climb with Shift, 11194.4, 1.838, 1,
/home/wagner/src/CCP/instances/AES/Lajeado.dat, 1.10088, Randon Density, 10939.8, 45.983, 0,
/home/wagner/src/CCP/instances/AES/Lajeado.dat, 1.10088, Hill Climb with Interchange, 9863.66, 69.205, 0,
/home/wagner/src/CCP/instances/AES/Lajeado.dat, 1.10088, Hill Climb with Shift, 10939.8, 1.819, 1,
/home/wagner/src/CCP/instances/AES/Lajeado.dat, 1.10088, Randon Density, 10569.3, 41.259, 0,
/home/wagner/src/CCP/instances/AES/Lajeado.dat, 1.10088, Hill Climb with Interchange, 9604.29, 67.418, 0,
/home/wagner/src/CCP/instances/AES/Lajeado.dat, 1.10088, Hill Climb with Shift, 10569.3, 2.001, 1,
/home/wagner/src/CCP/instances/AES/Lajeado.dat, 1.10088, Randon Density, 10388.8, 43.842, 0,
/home/wagner/src/CCP/instances/AES/Lajeado.dat, 1.10088, Hill Climb with Interchange, 9528.6, 57.786, 0,
/home/wagner/src/CCP/instances/AES/Lajeado.dat, 1.10088, Hill Climb with Shift, 10388.8, 1.826, 1,
/home/wagner/src/CCP/instances/AES/Lajeado.dat, 1.10088, Randon Density, 10083.6, 38.421, 0,
/home/wagner/src/CCP/instances/AES/Lajeado.dat, 1.10088, Hill Climb with Interchange, 9574.76, 49.155, 0,
/home/wagner/src/CCP/instances/AES/Lajeado.dat, 1.10088, Hill Climb with Shift, 10083.6, 1.219, 1,
/home/wagner/src/CCP/instances/AES/Lajeado.dat, 1.10088, Randon Density, 10623.3, 42.866, 0,
/home/wagner/src/CCP/instances/AES/Lajeado.dat, 1.10088, Hill Climb with Interchange, 10230.5, 42.428, 0,
/home/wagner/src/CCP/instances/AES/Lajeado.dat, 1.10088, Hill Climb with Shift, 10623.3, 1.47, 1,
/home/wagner/src/CCP/instances/AES/Lajeado.dat, 1.1, Farthest, 32398, 0.035, 0,
/home/wagner/src/CCP/instances/AES/Lajeado.dat, 1.1, Hill Climb with Interchange, 26971.6, 80.42, 0,
/home/wagner/src/CCP/instances/AES/Lajeado.dat, 1.1, Hill Climb with Shift, 32398, 1.113, 1,
/home/wagner/src/CCP/instances/AES/Lajeado.dat, 1.1, Density, 9174.75, 7.964, 10,
/home/wagner/src/CCP/instances/AES/Lajeado.dat, 1.1, Hill Climb with Interchange, 9123.13, 12.042, 10,
/home/wagner/src/CCP/instances/AES/Lajeado.dat, 1.1, Hill Climb with Shift, 9174.75, 2.109, 1,
/home/wagner/src/CCP/instances/AES/Lajeado.dat, 1.1, HMeans, 11933, 0.041, 6,
/home/wagner/src/CCP/instances/AES/Lajeado.dat, 1.1, Hill Climb with Interchange, 10600.3, 133.576, 6,
/home/wagner/src/CCP/instances/AES/Lajeado.dat, 1.1, Hill Climb with Shift, 11933, 1.933, 1,
/home/wagner/src/CCP/instances/AES/Lajeado.dat, 1.1, HMeans, 19407.1, 0.046, 8,
/home/wagner/src/CCP/instances/AES/Lajeado.dat, 1.1, Hill Climb with Interchange, 18758.9, 67.068, 8,
/home/wagner/src/CCP/instances/AES/Lajeado.dat, 1.1, Hill Climb with Shift, 19407.1, 2.2, 1,
/home/wagner/src/CCP/instances/AES/Lajeado.dat, 1.1, HMeans, 19404.6, 0.035, 6,
/home/wagner/src/CCP/instances/AES/Lajeado.dat, 1.1, Hill Climb with Interchange, 18975.3, 65.301, 6,
/home/wagner/src/CCP/instances/AES/Lajeado.dat, 1.1, Hill Climb with Shift, 19404.6, 2.194, 1,
/home/wagner/src/CCP/instances/AES/Lajeado.dat, 1.1, HMeans, 11986.7, 0.037, 5,
/home/wagner/src/CCP/instances/AES/Lajeado.dat, 1.1, Hill Climb with Interchange, 10834.4, 59.159, 5,
/home/wagner/src/CCP/instances/AES/Lajeado.dat, 1.1, Hill Climb with Shift, 11986.7, 1.955, 1,
/home/wagner/src/CCP/instances/AES/Lajeado.dat, 1.1, HMeans, 9982.1, 5.814, 1001,
/home/wagner/src/CCP/instances/AES/Lajeado.dat, 1.1, Hill Climb with Interchange, 8806.82, 63.169, 1001,
/home/wagner/src/CCP/instances/AES/Lajeado.dat, 1.1, Hill Climb with Shift, 9982.1, 0.844, 1,
/home/wagner/src/CCP/instances/AES/Lajeado.dat, 1.1, HMeans, 11808.7, 0.027, 4,
/home/wagner/src/CCP/instances/AES/Lajeado.dat, 1.1, Hill Climb with Interchange, 10014.2, 75.786, 4,
/home/wagner/src/CCP/instances/AES/Lajeado.dat, 1.1, Hill Climb with Shift, 11808.7, 1.887, 1,
/home/wagner/src/CCP/instances/AES/Lajeado.dat, 1.1, HMeans, 19595, 0.042, 7,
/home/wagner/src/CCP/instances/AES/Lajeado.dat, 1.1, Hill Climb with Interchange, 19237.5, 48.803, 7,
/home/wagner/src/CCP/instances/AES/Lajeado.dat, 1.1, Hill Climb with Shift, 19595, 2.543, 1,
/home/wagner/src/CCP/instances/AES/Lajeado.dat, 1.1, HMeans, 21011.1, 0.049, 8,
/home/wagner/src/CCP/instances/AES/Lajeado.dat, 1.1, Hill Climb with Interchange, 20483.1, 59.149, 8,
/home/wagner/src/CCP/instances/AES/Lajeado.dat, 1.1, Hill Climb with Shift, 21011.1, 2.048, 1,
/home/wagner/src/CCP/instances/AES/Lajeado.dat, 1.1, HMeans, 11835.1, 0.045, 7,
/home/wagner/src/CCP/instances/AES/Lajeado.dat, 1.1, Hill Climb with Interchange, 10037, 71.781, 7,
/home/wagner/src/CCP/instances/AES/Lajeado.dat, 1.1, Hill Climb with Shift, 11835.1, 1.826, 1,
/home/wagner/src/CCP/instances/AES/Lajeado.dat, 1.1, HMeans, 10388.2, 0.029, 5,
/home/wagner/src/CCP/instances/AES/Lajeado.dat, 1.1, Hill Climb with Interchange, 9562.8, 73.574, 5,
/home/wagner/src/CCP/instances/AES/Lajeado.dat, 1.1, Hill Climb with Shift, 10388.2, 1.647, 1,
/home/wagner/src/CCP/instances/AES/Lajeado.dat, 1.1, Randon Density, 11345.2, 56.425, 0,
/home/wagner/src/CCP/instances/AES/Lajeado.dat, 1.1, Hill Climb with Interchange, 10336.1, 79.046, 0,
/home/wagner/src/CCP/instances/AES/Lajeado.dat, 1.1, Hill Climb with Shift, 11345.2, 2.015, 1,
/home/wagner/src/CCP/instances/AES/Lajeado.dat, 1.1, Randon Density, 11021.5, 35.3, 0,
/home/wagner/src/CCP/instances/AES/Lajeado.dat, 1.1, Hill Climb with Interchange, 10030.4, 55.53, 0,
/home/wagner/src/CCP/instances/AES/Lajeado.dat, 1.1, Hill Climb with Shift, 11021.5, 1.875, 1,
/home/wagner/src/CCP/instances/AES/Lajeado.dat, 1.1, Randon Density, 10486.4, 58.745, 0,
/home/wagner/src/CCP/instances/AES/Lajeado.dat, 1.1, Hill Climb with Interchange, 9541.71, 72.153, 0,
/home/wagner/src/CCP/instances/AES/Lajeado.dat, 1.1, Hill Climb with Shift, 10486.4, 1.87, 1,
/home/wagner/src/CCP/instances/AES/Lajeado.dat, 1.1, Randon Density, 11171.9, 28.124, 0,
/home/wagner/src/CCP/instances/AES/Lajeado.dat, 1.1, Hill Climb with Interchange, 10177.9, 63.6, 0,
/home/wagner/src/CCP/instances/AES/Lajeado.dat, 1.1, Hill Climb with Shift, 11171.9, 1.875, 1,
/home/wagner/src/CCP/instances/AES/Lajeado.dat, 1.1, Randon Density, 11141.7, 61.983, 0,
/home/wagner/src/CCP/instances/AES/Lajeado.dat, 1.1, Hill Climb with Interchange, 10020.2, 80.467, 0,
/home/wagner/src/CCP/instances/AES/Lajeado.dat, 1.1, Hill Climb with Shift, 11141.7, 1.995, 1,
/home/wagner/src/CCP/instances/AES/Lajeado.dat, 1.1, Randon Density, 10718.8, 59.488, 0,
/home/wagner/src/CCP/instances/AES/Lajeado.dat, 1.1, Hill Climb with Interchange, 9859.92, 59.711, 0,
/home/wagner/src/CCP/instances/AES/Lajeado.dat, 1.1, Hill Climb with Shift, 10718.8, 1.918, 1,
/home/wagner/src/CCP/instances/AES/Lajeado.dat, 1.1, Randon Density, 10276.2, 40.73, 0,
/home/wagner/src/CCP/instances/AES/Lajeado.dat, 1.1, Hill Climb with Interchange, 9773.46, 32.074, 0,
/home/wagner/src/CCP/instances/AES/Lajeado.dat, 1.1, Hill Climb with Shift, 10276.2, 1.783, 1,
/home/wagner/src/CCP/instances/AES/Lajeado.dat, 1.1, Randon Density, 10177.6, 55.237, 0,
/home/wagner/src/CCP/instances/AES/Lajeado.dat, 1.1, Hill Climb with Interchange, 9375.1, 49.634, 0,
/home/wagner/src/CCP/instances/AES/Lajeado.dat, 1.1, Hill Climb with Shift, 10177.6, 1.876, 1,
/home/wagner/src/CCP/instances/AES/Lajeado.dat, 1.1, Randon Density, 10651.2, 36.984, 0,
/home/wagner/src/CCP/instances/AES/Lajeado.dat, 1.1, Hill Climb with Interchange, 9604.27, 66.55, 0,
/home/wagner/src/CCP/instances/AES/Lajeado.dat, 1.1, Hill Climb with Shift, 10651.2, 1.963, 1,
/home/wagner/src/CCP/instances/AES/Lajeado.dat, 1.1, Randon Density, 10832.4, 57.631, 0,
/home/wagner/src/CCP/instances/AES/Lajeado.dat, 1.1, Hill Climb with Interchange, 9856.91, 57.785, 0,
/home/wagner/src/CCP/instances/AES/Lajeado.dat, 1.1, Hill Climb with Shift, 10832.4, 1.853, 1,
/home/wagner/src/CCP/instances/AES/Lajeado.dat, 1.2, Farthest, 32248.7, 0.032, 0,
/home/wagner/src/CCP/instances/AES/Lajeado.dat, 1.2, Hill Climb with Interchange, 25471.7, 90.197, 0,
/home/wagner/src/CCP/instances/AES/Lajeado.dat, 1.2, Hill Climb with Shift, 32248.7, 1.661, 1,
/home/wagner/src/CCP/instances/AES/Lajeado.dat, 1.2, Density, 8798.55, 10.569, 10,
/home/wagner/src/CCP/instances/AES/Lajeado.dat, 1.2, Hill Climb with Interchange, 8798.55, 1.143, 10,
/home/wagner/src/CCP/instances/AES/Lajeado.dat, 1.2, Hill Climb with Shift, 8797.36, 11.496, 3,
/home/wagner/src/CCP/instances/AES/Lajeado.dat, 1.2, HMeans, 11119.3, 0.046, 7,
/home/wagner/src/CCP/instances/AES/Lajeado.dat, 1.2, Hill Climb with Interchange, 9638.1, 107.973, 7,
/home/wagner/src/CCP/instances/AES/Lajeado.dat, 1.2, Hill Climb with Shift, 11119.3, 2.23, 1,
/home/wagner/src/CCP/instances/AES/Lajeado.dat, 1.2, HMeans, 19067.9, 0.059, 9,
/home/wagner/src/CCP/instances/AES/Lajeado.dat, 1.2, Hill Climb with Interchange, 18610, 57.378, 9,
/home/wagner/src/CCP/instances/AES/Lajeado.dat, 1.2, Hill Climb with Shift, 19067.9, 3.375, 1,
/home/wagner/src/CCP/instances/AES/Lajeado.dat, 1.2, HMeans, 8227.89, 0.052, 9,
/home/wagner/src/CCP/instances/AES/Lajeado.dat, 1.2, Hill Climb with Interchange, 7589.3, 74.593, 9,
/home/wagner/src/CCP/instances/AES/Lajeado.dat, 1.2, Hill Climb with Shift, 8227.89, 1.824, 1,
/home/wagner/src/CCP/instances/AES/Lajeado.dat, 1.2, HMeans, 19528.8, 0.051, 9,
/home/wagner/src/CCP/instances/AES/Lajeado.dat, 1.2, Hill Climb with Interchange, 18947.5, 76.611, 9,
/home/wagner/src/CCP/instances/AES/Lajeado.dat, 1.2, Hill Climb with Shift, 19528.8, 2.284, 1,
/home/wagner/src/CCP/instances/AES/Lajeado.dat, 1.2, HMeans, 19600.6, 0.033, 6,
/home/wagner/src/CCP/instances/AES/Lajeado.dat, 1.2, Hill Climb with Interchange, 19116.7, 74.842, 6,
/home/wagner/src/CCP/instances/AES/Lajeado.dat, 1.2, Hill Climb with Shift, 19600.6, 2.325, 1,
/home/wagner/src/CCP/instances/AES/Lajeado.dat, 1.2, HMeans, 9573.87, 0.03, 6,
/home/wagner/src/CCP/instances/AES/Lajeado.dat, 1.2, Hill Climb with Interchange, 9246.49, 38.012, 6,
/home/wagner/src/CCP/instances/AES/Lajeado.dat, 1.2, Hill Climb with Shift, 9573.87, 3.094, 1,
/home/wagner/src/CCP/instances/AES/Lajeado.dat, 1.2, HMeans, 20900.3, 0.035, 5,
/home/wagner/src/CCP/instances/AES/Lajeado.dat, 1.2, Hill Climb with Interchange, 20255.9, 71.07, 5,
/home/wagner/src/CCP/instances/AES/Lajeado.dat, 1.2, Hill Climb with Shift, 20900.3, 2.132, 1,
/home/wagner/src/CCP/instances/AES/Lajeado.dat, 1.2, HMeans, 19096, 0.022, 4,
/home/wagner/src/CCP/instances/AES/Lajeado.dat, 1.2, Hill Climb with Interchange, 18908, 29.323, 4,
/home/wagner/src/CCP/instances/AES/Lajeado.dat, 1.2, Hill Climb with Shift, 19096, 3.796, 1,
/home/wagner/src/CCP/instances/AES/Lajeado.dat, 1.2, HMeans, 8639.74, 0.035, 6,
/home/wagner/src/CCP/instances/AES/Lajeado.dat, 1.2, Hill Climb with Interchange, 8229.82, 71.652, 6,
/home/wagner/src/CCP/instances/AES/Lajeado.dat, 1.2, Hill Climb with Shift, 8639.74, 2.714, 1,
/home/wagner/src/CCP/instances/AES/Lajeado.dat, 1.2, HMeans, 8109.5, 6.179, 1001,
/home/wagner/src/CCP/instances/AES/Lajeado.dat, 1.2, Hill Climb with Interchange, 7541.42, 63.708, 1001,
/home/wagner/src/CCP/instances/AES/Lajeado.dat, 1.2, Hill Climb with Shift, 8109.5, 2.278, 1,
/home/wagner/src/CCP/instances/AES/Lajeado.dat, 1.2, Randon Density, 8419.19, 27.392, 0,
/home/wagner/src/CCP/instances/AES/Lajeado.dat, 1.2, Hill Climb with Interchange, 8416.48, 3.923, 0,
/home/wagner/src/CCP/instances/AES/Lajeado.dat, 1.2, Hill Climb with Shift, 8398.15, 12.71, 3,
/home/wagner/src/CCP/instances/AES/Lajeado.dat, 1.2, Randon Density, 8442.97, 62.392, 0,
/home/wagner/src/CCP/instances/AES/Lajeado.dat, 1.2, Hill Climb with Interchange, 8256.51, 26.164, 0,
/home/wagner/src/CCP/instances/AES/Lajeado.dat, 1.2, Hill Climb with Shift, 8442.97, 3.283, 1,
/home/wagner/src/CCP/instances/AES/Lajeado.dat, 1.2, Randon Density, 8372.84, 45.795, 0,
/home/wagner/src/CCP/instances/AES/Lajeado.dat, 1.2, Hill Climb with Interchange, 8285.5, 21.557, 0,
/home/wagner/src/CCP/instances/AES/Lajeado.dat, 1.2, Hill Climb with Shift, 8372.84, 3.217, 1,
/home/wagner/src/CCP/instances/AES/Lajeado.dat, 1.2, Randon Density, 8375.95, 51.085, 0,
/home/wagner/src/CCP/instances/AES/Lajeado.dat, 1.2, Hill Climb with Interchange, 8281.24, 25.448, 0,
/home/wagner/src/CCP/instances/AES/Lajeado.dat, 1.2, Hill Climb with Shift, 8375.95, 3.942, 1,
/home/wagner/src/CCP/instances/AES/Lajeado.dat, 1.2, Randon Density, 8376.05, 39.825, 0,
/home/wagner/src/CCP/instances/AES/Lajeado.dat, 1.2, Hill Climb with Interchange, 8281.35, 26.529, 0,
/home/wagner/src/CCP/instances/AES/Lajeado.dat, 1.2, Hill Climb with Shift, 8376.05, 3.944, 1,
/home/wagner/src/CCP/instances/AES/Lajeado.dat, 1.2, Randon Density, 8582.66, 66.446, 0,
/home/wagner/src/CCP/instances/AES/Lajeado.dat, 1.2, Hill Climb with Interchange, 8341.68, 58.777, 0,
/home/wagner/src/CCP/instances/AES/Lajeado.dat, 1.2, Hill Climb with Shift, 8582.66, 4.796, 1,
/home/wagner/src/CCP/instances/AES/Lajeado.dat, 1.2, Randon Density, 8909.04, 26.775, 0,
/home/wagner/src/CCP/instances/AES/Lajeado.dat, 1.2, Hill Climb with Interchange, 8875.06, 9.229, 0,
/home/wagner/src/CCP/instances/AES/Lajeado.dat, 1.2, Hill Climb with Shift, 8909.04, 4.831, 1,
/home/wagner/src/CCP/instances/AES/Lajeado.dat, 1.2, Randon Density, 9106.28, 48.778, 0,
/home/wagner/src/CCP/instances/AES/Lajeado.dat, 1.2, Hill Climb with Interchange, 8950.97, 38.46, 0,
/home/wagner/src/CCP/instances/AES/Lajeado.dat, 1.2, Hill Climb with Shift, 9106.28, 3.976, 1,
/home/wagner/src/CCP/instances/AES/Lajeado.dat, 1.2, Randon Density, 8375.95, 35.805, 0,
/home/wagner/src/CCP/instances/AES/Lajeado.dat, 1.2, Hill Climb with Interchange, 8281.24, 20.617, 0,
/home/wagner/src/CCP/instances/AES/Lajeado.dat, 1.2, Hill Climb with Shift, 8375.95, 3.34, 1,
/home/wagner/src/CCP/instances/AES/Lajeado.dat, 1.2, Randon Density, 8472.11, 25.519, 0,
/home/wagner/src/CCP/instances/AES/Lajeado.dat, 1.2, Hill Climb with Interchange, 8279.76, 34.504, 0,
/home/wagner/src/CCP/instances/AES/Lajeado.dat, 1.2, Hill Climb with Shift, 8472.11, 2.803, 1,
/home/wagner/src/CCP/instances/AES/Lajeado.dat, 1.3, Farthest, 27915.8, 0.037, 0,
/home/wagner/src/CCP/instances/AES/Lajeado.dat, 1.3, Hill Climb with Interchange, 21275.1, 107.99, 0,
/home/wagner/src/CCP/instances/AES/Lajeado.dat, 1.3, Hill Climb with Shift, 27915.8, 1.445, 1,
/home/wagner/src/CCP/instances/AES/Lajeado.dat, 1.3, Density, 8735.79, 10.063, 10,
/home/wagner/src/CCP/instances/AES/Lajeado.dat, 1.3, Hill Climb with Interchange, 8735.79, 1.152, 10,
/home/wagner/src/CCP/instances/AES/Lajeado.dat, 1.3, Hill Climb with Shift, 8735.79, 4.841, 1,
/home/wagner/src/CCP/instances/AES/Lajeado.dat, 1.3, HMeans, 12710, 0.029, 5,
/home/wagner/src/CCP/instances/AES/Lajeado.dat, 1.3, Hill Climb with Interchange, 10955.9, 95.946, 5,
/home/wagner/src/CCP/instances/AES/Lajeado.dat, 1.3, Hill Climb with Shift, 12710, 2.902, 1,
/home/wagner/src/CCP/instances/AES/Lajeado.dat, 1.3, HMeans, 18556.8, 0.027, 5,
/home/wagner/src/CCP/instances/AES/Lajeado.dat, 1.3, Hill Climb with Interchange, 18535.4, 3.799, 5,
/home/wagner/src/CCP/instances/AES/Lajeado.dat, 1.3, Hill Climb with Shift, 18556.8, 6.038, 1,
/home/wagner/src/CCP/instances/AES/Lajeado.dat, 1.3, HMeans, 18887.6, 0.047, 7,
/home/wagner/src/CCP/instances/AES/Lajeado.dat, 1.3, Hill Climb with Interchange, 18814.8, 15.201, 7,
/home/wagner/src/CCP/instances/AES/Lajeado.dat, 1.3, Hill Climb with Shift, 18887.6, 3.611, 1,
/home/wagner/src/CCP/instances/AES/Lajeado.dat, 1.3, HMeans, 19070.6, 0.04, 8,
/home/wagner/src/CCP/instances/AES/Lajeado.dat, 1.3, Hill Climb with Interchange, 18925.8, 30.472, 8,
/home/wagner/src/CCP/instances/AES/Lajeado.dat, 1.3, Hill Climb with Shift, 19070.6, 4.073, 1,
/home/wagner/src/CCP/instances/AES/Lajeado.dat, 1.3, HMeans, 7535.1, 0.035, 6,
/home/wagner/src/CCP/instances/AES/Lajeado.dat, 1.3, Hill Climb with Interchange, 7345.65, 32.815, 6,
/home/wagner/src/CCP/instances/AES/Lajeado.dat, 1.3, Hill Climb with Shift, 7535.1, 3.675, 1,
/home/wagner/src/CCP/instances/AES/Lajeado.dat, 1.3, HMeans, 19828.7, 5.114, 1001,
/home/wagner/src/CCP/instances/AES/Lajeado.dat, 1.3, Hill Climb with Interchange, 19680.7, 26.709, 1001,
/home/wagner/src/CCP/instances/AES/Lajeado.dat, 1.3, Hill Climb with Shift, 19828.7, 3.633, 1,
/home/wagner/src/CCP/instances/AES/Lajeado.dat, 1.3, HMeans, 9326.8, 0.042, 7,
/home/wagner/src/CCP/instances/AES/Lajeado.dat, 1.3, Hill Climb with Interchange, 8817.22, 162.609, 7,
/home/wagner/src/CCP/instances/AES/Lajeado.dat, 1.3, Hill Climb with Shift, 9326.8, 3.086, 1,
/home/wagner/src/CCP/instances/AES/Lajeado.dat, 1.3, HMeans, 8761.69, 0.039, 7,
/home/wagner/src/CCP/instances/AES/Lajeado.dat, 1.3, Hill Climb with Interchange, 8249.94, 55.174, 7,
/home/wagner/src/CCP/instances/AES/Lajeado.dat, 1.3, Hill Climb with Shift, 8761.69, 3.819, 1,
/home/wagner/src/CCP/instances/AES/Lajeado.dat, 1.3, HMeans, 8057.69, 0.027, 5,
/home/wagner/src/CCP/instances/AES/Lajeado.dat, 1.3, Hill Climb with Interchange, 7752.54, 45.89, 5,
/home/wagner/src/CCP/instances/AES/Lajeado.dat, 1.3, Hill Climb with Shift, 8057.69, 3.434, 1,
/home/wagner/src/CCP/instances/AES/Lajeado.dat, 1.3, HMeans, 19126.3, 0.034, 6,
/home/wagner/src/CCP/instances/AES/Lajeado.dat, 1.3, Hill Climb with Interchange, 18951.5, 36.6, 6,
/home/wagner/src/CCP/instances/AES/Lajeado.dat, 1.3, Hill Climb with Shift, 19126.3, 3.45, 1,
/home/wagner/src/CCP/instances/AES/Lajeado.dat, 1.3, Randon Density, 8086.7, 22.939, 0,
/home/wagner/src/CCP/instances/AES/Lajeado.dat, 1.3, Hill Climb with Interchange, 8062.79, 3.152, 0,
/home/wagner/src/CCP/instances/AES/Lajeado.dat, 1.3, Hill Climb with Shift, 8086.7, 3.881, 1,
/home/wagner/src/CCP/instances/AES/Lajeado.dat, 1.3, Randon Density, 8086.6, 24.207, 0,
/home/wagner/src/CCP/instances/AES/Lajeado.dat, 1.3, Hill Climb with Interchange, 8062.69, 3.185, 0,
/home/wagner/src/CCP/instances/AES/Lajeado.dat, 1.3, Hill Climb with Shift, 8086.6, 3.817, 1,
/home/wagner/src/CCP/instances/AES/Lajeado.dat, 1.3, Randon Density, 8325.57, 27.483, 0,
/home/wagner/src/CCP/instances/AES/Lajeado.dat, 1.3, Hill Climb with Interchange, 8312.84, 7.969, 0,
/home/wagner/src/CCP/instances/AES/Lajeado.dat, 1.3, Hill Climb with Shift, 8325.57, 4.502, 1,
/home/wagner/src/CCP/instances/AES/Lajeado.dat, 1.3, Randon Density, 8086.7, 20.14, 0,
/home/wagner/src/CCP/instances/AES/Lajeado.dat, 1.3, Hill Climb with Interchange, 8062.79, 3.772, 0,
/home/wagner/src/CCP/instances/AES/Lajeado.dat, 1.3, Hill Climb with Shift, 8086.7, 4.142, 1,
/home/wagner/src/CCP/instances/AES/Lajeado.dat, 1.3, Randon Density, 8154.95, 39.738, 0,
/home/wagner/src/CCP/instances/AES/Lajeado.dat, 1.3, Hill Climb with Interchange, 8074.78, 13.492, 0,
/home/wagner/src/CCP/instances/AES/Lajeado.dat, 1.3, Hill Climb with Shift, 8154.95, 4.155, 1,
/home/wagner/src/CCP/instances/AES/Lajeado.dat, 1.3, Randon Density, 8098.88, 49.698, 0,
/home/wagner/src/CCP/instances/AES/Lajeado.dat, 1.3, Hill Climb with Interchange, 8057.77, 12.803, 0,
/home/wagner/src/CCP/instances/AES/Lajeado.dat, 1.3, Hill Climb with Shift, 8098.88, 4.683, 1,
/home/wagner/src/CCP/instances/AES/Lajeado.dat, 1.3, Randon Density, 8086.47, 20.551, 0,
/home/wagner/src/CCP/instances/AES/Lajeado.dat, 1.3, Hill Climb with Interchange, 8062.67, 3.673, 0,
/home/wagner/src/CCP/instances/AES/Lajeado.dat, 1.3, Hill Climb with Shift, 8086.47, 4.527, 1,
/home/wagner/src/CCP/instances/AES/Lajeado.dat, 1.3, Randon Density, 8142.01, 17.371, 0,
/home/wagner/src/CCP/instances/AES/Lajeado.dat, 1.3, Hill Climb with Interchange, 8081.55, 8.851, 0,
/home/wagner/src/CCP/instances/AES/Lajeado.dat, 1.3, Hill Climb with Shift, 8142.01, 4.495, 1,
/home/wagner/src/CCP/instances/AES/Lajeado.dat, 1.3, Randon Density, 8144.1, 18.149, 0,
/home/wagner/src/CCP/instances/AES/Lajeado.dat, 1.3, Hill Climb with Interchange, 8089.74, 8.095, 0,
/home/wagner/src/CCP/instances/AES/Lajeado.dat, 1.3, Hill Climb with Shift, 8144.1, 4.403, 1,
/home/wagner/src/CCP/instances/AES/Lajeado.dat, 1.3, Randon Density, 8175.35, 38.422, 0,
/home/wagner/src/CCP/instances/AES/Lajeado.dat, 1.3, Hill Climb with Interchange, 8088.6, 11.734, 0,
/home/wagner/src/CCP/instances/AES/Lajeado.dat, 1.3, Hill Climb with Shift, 8175.35, 5.197, 1,

Instance /home/wagner/src/CCP/instances/AES/Lajeado.dat ter jun 15 14:43:55 2010/home/wagner/src/CCP/instances/AES/Lajeado.dat, 1.1, JMeans, 10387.4, 71.747, 16,
/home/wagner/src/CCP/instances/AES/Lajeado.dat, 1.1, Hill Climb with Interchange, 9837.69, 51.167, 16,
/home/wagner/src/CCP/instances/AES/Lajeado.dat, 1.1, Hill Climb with Shift, 10387.4, 2.648, 1,
/home/wagner/src/CCP/instances/AES/Lajeado.dat, 1.1, JMeans, 10073.9, 76.62, 16,
/home/wagner/src/CCP/instances/AES/Lajeado.dat, 1.1, Hill Climb with Interchange, 9659.43, 43.393, 16,
/home/wagner/src/CCP/instances/AES/Lajeado.dat, 1.1, Hill Climb with Shift, 10073.9, 2.804, 1,
/home/wagner/src/CCP/instances/AES/Lajeado.dat, 1.1, JMeans, 10303, 126.783, 16,
/home/wagner/src/CCP/instances/AES/Lajeado.dat, 1.1, Hill Climb with Interchange, 9804.57, 54.101, 16,
/home/wagner/src/CCP/instances/AES/Lajeado.dat, 1.1, Hill Climb with Shift, 10303, 2.328, 1,
/home/wagner/src/CCP/instances/AES/Lajeado.dat, 1.1, JMeans, 9766.7, 87.065, 19,
/home/wagner/src/CCP/instances/AES/Lajeado.dat, 1.1, Hill Climb with Interchange, 9490.63, 45.255, 19,
/home/wagner/src/CCP/instances/AES/Lajeado.dat, 1.1, Hill Climb with Shift, 9766.7, 2.274, 1,
/home/wagner/src/CCP/instances/AES/Lajeado.dat, 1.1, JMeans, 10048.4, 113.848, 23,
/home/wagner/src/CCP/instances/AES/Lajeado.dat, 1.1, Hill Climb with Interchange, 9646.34, 45.176, 23,
/home/wagner/src/CCP/instances/AES/Lajeado.dat, 1.1, Hill Climb with Shift, 10048.4, 2.458, 1,
/home/wagner/src/CCP/instances/AES/Lajeado.dat, 1.1, JMeans, 13044.7, 43.667, 12,
/home/wagner/src/CCP/instances/AES/Lajeado.dat, 1.1, Hill Climb with Interchange, 10054.2, 95.817, 12,
/home/wagner/src/CCP/instances/AES/Lajeado.dat, 1.1, Hill Climb with Shift, 13044.7, 1.618, 1,
/home/wagner/src/CCP/instances/AES/Lajeado.dat, 1.1, JMeans, 12810.4, 76.872, 7,
/home/wagner/src/CCP/instances/AES/Lajeado.dat, 1.1, Hill Climb with Interchange, 10998.7, 92.14, 7,
/home/wagner/src/CCP/instances/AES/Lajeado.dat, 1.1, Hill Climb with Shift, 12747.8, 4.344, 3,
/home/wagner/src/CCP/instances/AES/Lajeado.dat, 1.1, JMeans, 10501.3, 78.309, 16,
/home/wagner/src/CCP/instances/AES/Lajeado.dat, 1.1, Hill Climb with Interchange, 10006.6, 70.137, 16,
/home/wagner/src/CCP/instances/AES/Lajeado.dat, 1.1, Hill Climb with Shift, 10501.3, 2.54, 1,
/home/wagner/src/CCP/instances/AES/Lajeado.dat, 1.1, JMeans, 14948.4, 53.627, 12,
/home/wagner/src/CCP/instances/AES/Lajeado.dat, 1.1, Hill Climb with Interchange, 9828.83, 87.234, 12,
/home/wagner/src/CCP/instances/AES/Lajeado.dat, 1.1, Hill Climb with Shift, 14948.4, 2.367, 1,
/home/wagner/src/CCP/instances/AES/Lajeado.dat, 1.1, JMeans, 9703.86, 54.661, 12,
/home/wagner/src/CCP/instances/AES/Lajeado.dat, 1.1, Hill Climb with Interchange, 9408.64, 36.412, 12,
/home/wagner/src/CCP/instances/AES/Lajeado.dat, 1.1, Hill Climb with Shift, 9703.86, 3.191, 1,
/home/wagner/src/CCP/instances/AES/Lajeado.dat, 1.2, JMeans, 9799.14, 38.093, 10,
/home/wagner/src/CCP/instances/AES/Lajeado.dat, 1.2, Hill Climb with Interchange, 9295.01, 59.226, 10,
/home/wagner/src/CCP/instances/AES/Lajeado.dat, 1.2, Hill Climb with Shift, 9644.4, 5.573, 2,
/home/wagner/src/CCP/instances/AES/Lajeado.dat, 1.2, JMeans, 9449.32, 26.098, 7,
/home/wagner/src/CCP/instances/AES/Lajeado.dat, 1.2, Hill Climb with Interchange, 9279.44, 29.499, 7,
/home/wagner/src/CCP/instances/AES/Lajeado.dat, 1.2, Hill Climb with Shift, 9449.32, 3.516, 1,
/home/wagner/src/CCP/instances/AES/Lajeado.dat, 1.2, JMeans, 8927.1, 41.436, 11,
/home/wagner/src/CCP/instances/AES/Lajeado.dat, 1.2, Hill Climb with Interchange, 8720.21, 33.941, 11,
/home/wagner/src/CCP/instances/AES/Lajeado.dat, 1.2, Hill Climb with Shift, 8864.33, 6.502, 2,
/home/wagner/src/CCP/instances/AES/Lajeado.dat, 1.2, JMeans, 9643.25, 66.465, 15,
/home/wagner/src/CCP/instances/AES/Lajeado.dat, 1.2, Hill Climb with Interchange, 9291.54, 41.22, 15,
/home/wagner/src/CCP/instances/AES/Lajeado.dat, 1.2, Hill Climb with Shift, 9643.25, 2.436, 1,
/home/wagner/src/CCP/instances/AES/Lajeado.dat, 1.2, JMeans, 8800.77, 63.664, 10,
/home/wagner/src/CCP/instances/AES/Lajeado.dat, 1.2, Hill Climb with Interchange, 8647.05, 27.144, 10,
/home/wagner/src/CCP/instances/AES/Lajeado.dat, 1.2, Hill Climb with Shift, 8796.85, 5.558, 2,
/home/wagner/src/CCP/instances/AES/Lajeado.dat, 1.2, JMeans, 8462.59, 75.811, 15,
/home/wagner/src/CCP/instances/AES/Lajeado.dat, 1.2, Hill Climb with Interchange, 8160.88, 48.482, 15,
/home/wagner/src/CCP/instances/AES/Lajeado.dat, 1.2, Hill Climb with Shift, 8462.59, 3.436, 1,
/home/wagner/src/CCP/instances/AES/Lajeado.dat, 1.2, JMeans, 8653.46, 76.367, 16,
/home/wagner/src/CCP/instances/AES/Lajeado.dat, 1.2, Hill Climb with Interchange, 8222.99, 55.367, 16,
/home/wagner/src/CCP/instances/AES/Lajeado.dat, 1.2, Hill Climb with Shift, 8641.07, 5.625, 2,
/home/wagner/src/CCP/instances/AES/Lajeado.dat, 1.2, JMeans, 8366.07, 77.696, 16,
/home/wagner/src/CCP/instances/AES/Lajeado.dat, 1.2, Hill Climb with Interchange, 8191.45, 30.457, 16,
/home/wagner/src/CCP/instances/AES/Lajeado.dat, 1.2, Hill Climb with Shift, 8063.49, 11.692, 4,
/home/wagner/src/CCP/instances/AES/Lajeado.dat, 1.2, JMeans, 8283.79, 82.389, 16,
/home/wagner/src/CCP/instances/AES/Lajeado.dat, 1.2, Hill Climb with Interchange, 8130.26, 29.577, 16,
/home/wagner/src/CCP/instances/AES/Lajeado.dat, 1.2, Hill Climb with Shift, 8283.79, 4.504, 1,
/home/wagner/src/CCP/instances/AES/Lajeado.dat, 1.2, JMeans, 8449.52, 97.339, 15,
/home/wagner/src/CCP/instances/AES/Lajeado.dat, 1.2, Hill Climb with Interchange, 8225.71, 44.542, 15,
/home/wagner/src/CCP/instances/AES/Lajeado.dat, 1.2, Hill Climb with Shift, 8432.53, 10.014, 3,
/home/wagner/src/CCP/instances/AES/Lajeado.dat, 1.3, JMeans, 7645.91, 53.567, 11,
/home/wagner/src/CCP/instances/AES/Lajeado.dat, 1.3, Hill Climb with Interchange, 7500.89, 37.119, 11,
/home/wagner/src/CCP/instances/AES/Lajeado.dat, 1.3, Hill Climb with Shift, 7645.91, 4.164, 1,
/home/wagner/src/CCP/instances/AES/Lajeado.dat, 1.3, JMeans, 8408.7, 74.525, 17,
/home/wagner/src/CCP/instances/AES/Lajeado.dat, 1.3, Hill Climb with Interchange, 8155.98, 36.043, 17,
/home/wagner/src/CCP/instances/AES/Lajeado.dat, 1.3, Hill Climb with Shift, 8337.12, 10.558, 3,
/home/wagner/src/CCP/instances/AES/Lajeado.dat, 1.3, JMeans, 9236.93, 25.034, 6,
/home/wagner/src/CCP/instances/AES/Lajeado.dat, 1.3, Hill Climb with Interchange, 9066.44, 34.521, 6,
/home/wagner/src/CCP/instances/AES/Lajeado.dat, 1.3, Hill Climb with Shift, 9236.93, 3.404, 1,
/home/wagner/src/CCP/instances/AES/Lajeado.dat, 1.3, JMeans, 7689.56, 62.068, 12,
/home/wagner/src/CCP/instances/AES/Lajeado.dat, 1.3, Hill Climb with Interchange, 7488.79, 38.055, 12,
/home/wagner/src/CCP/instances/AES/Lajeado.dat, 1.3, Hill Climb with Shift, 7689.56, 3.831, 1,
/home/wagner/src/CCP/instances/AES/Lajeado.dat, 1.3, JMeans, 7730.03, 65.134, 13,
/home/wagner/src/CCP/instances/AES/Lajeado.dat, 1.3, Hill Climb with Interchange, 7569.83, 32.525, 13,
/home/wagner/src/CCP/instances/AES/Lajeado.dat, 1.3, Hill Climb with Shift, 7475.34, 9.146, 2,
/home/wagner/src/CCP/instances/AES/Lajeado.dat, 1.3, JMeans, 9271.56, 62.391, 14,
/home/wagner/src/CCP/instances/AES/Lajeado.dat, 1.3, Hill Climb with Interchange, 9033.71, 22.11, 14,
/home/wagner/src/CCP/instances/AES/Lajeado.dat, 1.3, Hill Climb with Shift, 9271.56, 3.862, 1,
/home/wagner/src/CCP/instances/AES/Lajeado.dat, 1.3, JMeans, 8709.89, 64.912, 10,
/home/wagner/src/CCP/instances/AES/Lajeado.dat, 1.3, Hill Climb with Interchange, 8329.75, 56.564, 10,
/home/wagner/src/CCP/instances/AES/Lajeado.dat, 1.3, Hill Climb with Shift, 8642.87, 10.016, 3,
/home/wagner/src/CCP/instances/AES/Lajeado.dat, 1.3, JMeans, 8693.74, 69.147, 12,
/home/wagner/src/CCP/instances/AES/Lajeado.dat, 1.3, Hill Climb with Interchange, 8542.76, 31.794, 12,
/home/wagner/src/CCP/instances/AES/Lajeado.dat, 1.3, Hill Climb with Shift, 8519.77, 8.972, 3,
/home/wagner/src/CCP/instances/AES/Lajeado.dat, 1.3, JMeans, 8396.04, 50.752, 9,
/home/wagner/src/CCP/instances/AES/Lajeado.dat, 1.3, Hill Climb with Interchange, 8306.2, 21.461, 9,
/home/wagner/src/CCP/instances/AES/Lajeado.dat, 1.3, Hill Climb with Shift, 8296.73, 8.664, 2,
/home/wagner/src/CCP/instances/AES/Lajeado.dat, 1.3, JMeans, 9134.81, 57.216, 12,
/home/wagner/src/CCP/instances/AES/Lajeado.dat, 1.3, Hill Climb with Interchange, 8988.23, 30.604, 12,
/home/wagner/src/CCP/instances/AES/Lajeado.dat, 1.3, Hill Climb with Shift, 9134.81, 3.363, 1,

Instance /home/wagner/src/CCP/instances/AES/Lajeado.dat sex jun 18 17:10:00 2010