
Instance /home/wagner/src/CCP/instances/AES/Santa_Maria.dat seg jun 7 11:34:46 2010/home/wagner/src/CCP/instances/AES/Santa_Maria.dat, 1.1, Density, 20519.8, 108.9, 10,
/home/wagner/src/CCP/instances/AES/Santa_Maria.dat, 1.1, Hill Climb with Interchange, 19904.7, 269.415, 10,
/home/wagner/src/CCP/instances/AES/Santa_Maria.dat, 1.1, Hill Climb with Shift, 20516.4, 10.476, 3,
/home/wagner/src/CCP/instances/AES/Santa_Maria.dat, 1.1, HMeans, 28230.3, 0.205, 13,
/home/wagner/src/CCP/instances/AES/Santa_Maria.dat, 1.1, Hill Climb with Interchange, 25535.9, 301.398, 13,
/home/wagner/src/CCP/instances/AES/Santa_Maria.dat, 1.1, Hill Climb with Shift, 28205, 8.011, 3,
/home/wagner/src/CCP/instances/AES/Santa_Maria.dat, 1.1, HMeans, 27969.6, 0.109, 7,
/home/wagner/src/CCP/instances/AES/Santa_Maria.dat, 1.1, Hill Climb with Interchange, 25884.5, 298.433, 7,
/home/wagner/src/CCP/instances/AES/Santa_Maria.dat, 1.1, Hill Climb with Shift, 27969.6, 4.537, 1,
/home/wagner/src/CCP/instances/AES/Santa_Maria.dat, 1.1, HMeans, 16164.2, 0.135, 10,
/home/wagner/src/CCP/instances/AES/Santa_Maria.dat, 1.1, Hill Climb with Interchange, 15195.4, 310.634, 10,
/home/wagner/src/CCP/instances/AES/Santa_Maria.dat, 1.1, Hill Climb with Shift, 16164.2, 5.016, 1,
/home/wagner/src/CCP/instances/AES/Santa_Maria.dat, 1.1, HMeans, 16272.4, 0.216, 15,
/home/wagner/src/CCP/instances/AES/Santa_Maria.dat, 1.1, Hill Climb with Interchange, 15385, 332.873, 15,
/home/wagner/src/CCP/instances/AES/Santa_Maria.dat, 1.1, Hill Climb with Shift, 16272.4, 5.382, 1,
/home/wagner/src/CCP/instances/AES/Santa_Maria.dat, 1.1, HMeans, 27368.9, 0.139, 10,
/home/wagner/src/CCP/instances/AES/Santa_Maria.dat, 1.1, Hill Climb with Interchange, 25238.9, 317.834, 10,
/home/wagner/src/CCP/instances/AES/Santa_Maria.dat, 1.1, Hill Climb with Shift, 27357.2, 6.925, 2,
/home/wagner/src/CCP/instances/AES/Santa_Maria.dat, 1.1, HMeans, 28407.6, 0.158, 12,
/home/wagner/src/CCP/instances/AES/Santa_Maria.dat, 1.1, Hill Climb with Interchange, 26545.3, 318.647, 12,
/home/wagner/src/CCP/instances/AES/Santa_Maria.dat, 1.1, Hill Climb with Shift, 28407.6, 4.529, 1,
/home/wagner/src/CCP/instances/AES/Santa_Maria.dat, 1.1, HMeans, 16076.5, 14.176, 1001,
/home/wagner/src/CCP/instances/AES/Santa_Maria.dat, 1.1, Hill Climb with Interchange, 14580.1, 319.768, 1001,
/home/wagner/src/CCP/instances/AES/Santa_Maria.dat, 1.1, Hill Climb with Shift, 16044.4, 9.951, 3,
/home/wagner/src/CCP/instances/AES/Santa_Maria.dat, 1.1, HMeans, 15482, 0.185, 13,
/home/wagner/src/CCP/instances/AES/Santa_Maria.dat, 1.1, Hill Climb with Interchange, 14657, 300.206, 13,
/home/wagner/src/CCP/instances/AES/Santa_Maria.dat, 1.1, Hill Climb with Shift, 15482, 3.251, 1,
/home/wagner/src/CCP/instances/AES/Santa_Maria.dat, 1.1, HMeans, 20240.4, 0.173, 12,
/home/wagner/src/CCP/instances/AES/Santa_Maria.dat, 1.1, Hill Climb with Interchange, 18731, 285.135, 12,
/home/wagner/src/CCP/instances/AES/Santa_Maria.dat, 1.1, Hill Climb with Shift, 20240.4, 2.147, 1,
/home/wagner/src/CCP/instances/AES/Santa_Maria.dat, 1.1, HMeans, 28133.9, 0.115, 10,
/home/wagner/src/CCP/instances/AES/Santa_Maria.dat, 1.1, Hill Climb with Interchange, 26500.9, 296.24, 10,
/home/wagner/src/CCP/instances/AES/Santa_Maria.dat, 1.1, Hill Climb with Shift, 28105.9, 25.678, 3,
/home/wagner/src/CCP/instances/AES/Santa_Maria.dat, 1.1, JMeans, 16409.9, 482.744, 16,
/home/wagner/src/CCP/instances/AES/Santa_Maria.dat, 1.1, Hill Climb with Interchange, 15874.3, 242.516, 16,
/home/wagner/src/CCP/instances/AES/Santa_Maria.dat, 1.1, Hill Climb with Shift, 16405.9, 8.456, 2,
/home/wagner/src/CCP/instances/AES/Santa_Maria.dat, 1.1, JMeans, 18192.4, 393.889, 20,
/home/wagner/src/CCP/instances/AES/Santa_Maria.dat, 1.1, Hill Climb with Interchange, 17353.6, 368.464, 20,
/home/wagner/src/CCP/instances/AES/Santa_Maria.dat, 1.1, Hill Climb with Shift, 18192.4, 9.696, 1,
/home/wagner/src/CCP/instances/AES/Santa_Maria.dat, 1.1, JMeans, 21939.1, 273.794, 10,
/home/wagner/src/CCP/instances/AES/Santa_Maria.dat, 1.1, Hill Climb with Interchange, 19776.8, 292.384, 10,
/home/wagner/src/CCP/instances/AES/Santa_Maria.dat, 1.1, Hill Climb with Shift, 21259.5, 6.497, 3,
/home/wagner/src/CCP/instances/AES/Santa_Maria.dat, 1.1, JMeans, 24438.1, 331.309, 14,
/home/wagner/src/CCP/instances/AES/Santa_Maria.dat, 1.1, Hill Climb with Interchange, 20094.3, 304.996, 14,
/home/wagner/src/CCP/instances/AES/Santa_Maria.dat, 1.1, Hill Climb with Shift, 23150, 11.481, 3,
/home/wagner/src/CCP/instances/AES/Santa_Maria.dat, 1.1, JMeans, 18184.4, 336.875, 18,
/home/wagner/src/CCP/instances/AES/Santa_Maria.dat, 1.1, Hill Climb with Interchange, 17241.8, 346.258, 18,
/home/wagner/src/CCP/instances/AES/Santa_Maria.dat, 1.1, Hill Climb with Shift, 18184.4, 5.728, 1,
/home/wagner/src/CCP/instances/AES/Santa_Maria.dat, 1.1, JMeans, 17176.7, 963.439, 19,
/home/wagner/src/CCP/instances/AES/Santa_Maria.dat, 1.1, Hill Climb with Interchange, 15760.4, 326.542, 19,
/home/wagner/src/CCP/instances/AES/Santa_Maria.dat, 1.1, Hill Climb with Shift, 17111.4, 12.172, 3,
/home/wagner/src/CCP/instances/AES/Santa_Maria.dat, 1.1, JMeans, 23916.7, 316.79, 5,
/home/wagner/src/CCP/instances/AES/Santa_Maria.dat, 1.1, Hill Climb with Interchange, 20686.8, 291.866, 5,
/home/wagner/src/CCP/instances/AES/Santa_Maria.dat, 1.1, Hill Climb with Shift, 22608.7, 8.203, 2,
/home/wagner/src/CCP/instances/AES/Santa_Maria.dat, 1.1, JMeans, 28657, 218.801, 6,
/home/wagner/src/CCP/instances/AES/Santa_Maria.dat, 1.1, Hill Climb with Interchange, 26031.6, 295.387, 6,
/home/wagner/src/CCP/instances/AES/Santa_Maria.dat, 1.1, Hill Climb with Shift, 25143.5, 7.389, 2,
/home/wagner/src/CCP/instances/AES/Santa_Maria.dat, 1.1, JMeans, 24474, 96.634, 4,
/home/wagner/src/CCP/instances/AES/Santa_Maria.dat, 1.1, Hill Climb with Interchange, 21070.3, 311.115, 4,
/home/wagner/src/CCP/instances/AES/Santa_Maria.dat, 1.1, Hill Climb with Shift, 24029.4, 6.525, 2,
/home/wagner/src/CCP/instances/AES/Santa_Maria.dat, 1.1, JMeans, 18276.7, 269.677, 11,
/home/wagner/src/CCP/instances/AES/Santa_Maria.dat, 1.1, Hill Climb with Interchange, 17600.3, 289.414, 11,
/home/wagner/src/CCP/instances/AES/Santa_Maria.dat, 1.1, Hill Climb with Shift, 17973.8, 14.7, 2,
/home/wagner/src/CCP/instances/AES/Santa_Maria.dat, 1.1, Randon Density, 21078.6, 416.662, 0,
/home/wagner/src/CCP/instances/AES/Santa_Maria.dat, 1.1, Hill Climb with Interchange, 20515.2, 256.354, 0,
/home/wagner/src/CCP/instances/AES/Santa_Maria.dat, 1.1, Hill Climb with Shift, 21078.6, 2.466, 1,
/home/wagner/src/CCP/instances/AES/Santa_Maria.dat, 1.1, Randon Density, 20000.9, 215.51, 0,
/home/wagner/src/CCP/instances/AES/Santa_Maria.dat, 1.1, Hill Climb with Interchange, 19826.9, 139.812, 0,
/home/wagner/src/CCP/instances/AES/Santa_Maria.dat, 1.1, Hill Climb with Shift, 20000.9, 6.483, 1,
/home/wagner/src/CCP/instances/AES/Santa_Maria.dat, 1.1, Randon Density, 20069.9, 265.193, 0,
/home/wagner/src/CCP/instances/AES/Santa_Maria.dat, 1.1, Hill Climb with Interchange, 19896.8, 119.107, 0,
/home/wagner/src/CCP/instances/AES/Santa_Maria.dat, 1.1, Hill Climb with Shift, 20069.9, 3.88, 1,
/home/wagner/src/CCP/instances/AES/Santa_Maria.dat, 1.1, Randon Density, 18944.6, 372.18, 0,
/home/wagner/src/CCP/instances/AES/Santa_Maria.dat, 1.1, Hill Climb with Interchange, 18159.4, 329.276, 0,
/home/wagner/src/CCP/instances/AES/Santa_Maria.dat, 1.1, Hill Climb with Shift, 18944.6, 3.641, 1,
/home/wagner/src/CCP/instances/AES/Santa_Maria.dat, 1.1, Randon Density, 20341.5, 198.958, 0,
/home/wagner/src/CCP/instances/AES/Santa_Maria.dat, 1.1, Hill Climb with Interchange, 20254.5, 100.241, 0,
/home/wagner/src/CCP/instances/AES/Santa_Maria.dat, 1.1, Hill Climb with Shift, 20341.5, 6.287, 1,
/home/wagner/src/CCP/instances/AES/Santa_Maria.dat, 1.1, Randon Density, 21467.5, 337.469, 0,
/home/wagner/src/CCP/instances/AES/Santa_Maria.dat, 1.1, Hill Climb with Interchange, 20959.4, 174.818, 0,
/home/wagner/src/CCP/instances/AES/Santa_Maria.dat, 1.1, Hill Climb with Shift, 21467.5, 4.084, 1,
/home/wagner/src/CCP/instances/AES/Santa_Maria.dat, 1.1, Randon Density, 22845, 239, 0,
/home/wagner/src/CCP/instances/AES/Santa_Maria.dat, 1.1, Hill Climb with Interchange, 22725.8, 109.908, 0,
/home/wagner/src/CCP/instances/AES/Santa_Maria.dat, 1.1, Hill Climb with Shift, 22845, 4.953, 1,
/home/wagner/src/CCP/instances/AES/Santa_Maria.dat, 1.1, Randon Density, 22707.9, 328.18, 0,
/home/wagner/src/CCP/instances/AES/Santa_Maria.dat, 1.1, Hill Climb with Interchange, 22595.1, 102.6, 0,
/home/wagner/src/CCP/instances/AES/Santa_Maria.dat, 1.1, Hill Climb with Shift, 22707.9, 6.269, 1,
/home/wagner/src/CCP/instances/AES/Santa_Maria.dat, 1.1, Randon Density, 15251.7, 358.326, 0,
/home/wagner/src/CCP/instances/AES/Santa_Maria.dat, 1.1, Hill Climb with Interchange, 14550.8, 234.649, 0,
/home/wagner/src/CCP/instances/AES/Santa_Maria.dat, 1.1, Hill Climb with Shift, 15251.7, 3.338, 1,
/home/wagner/src/CCP/instances/AES/Santa_Maria.dat, 1.1, Randon Density, 16035.3, 264.306, 0,
/home/wagner/src/CCP/instances/AES/Santa_Maria.dat, 1.1, Hill Climb with Interchange, 15417.9, 225.847, 0,
/home/wagner/src/CCP/instances/AES/Santa_Maria.dat, 1.1, Hill Climb with Shift, 16035.3, 3.114, 1,
/home/wagner/src/CCP/instances/AES/Santa_Maria.dat, 1.2, Density, 16466.2, 53.414, 10,
/home/wagner/src/CCP/instances/AES/Santa_Maria.dat, 1.2, Hill Climb with Interchange, 16466.1, 7.69, 10,
/home/wagner/src/CCP/instances/AES/Santa_Maria.dat, 1.2, Hill Climb with Shift, 16373.3, 36.458, 3,
/home/wagner/src/CCP/instances/AES/Santa_Maria.dat, 1.2, HMeans, 17663.7, 0.094, 7,
/home/wagner/src/CCP/instances/AES/Santa_Maria.dat, 1.2, Hill Climb with Interchange, 16990.6, 372.494, 7,
/home/wagner/src/CCP/instances/AES/Santa_Maria.dat, 1.2, Hill Climb with Shift, 17663.7, 7.335, 1,
/home/wagner/src/CCP/instances/AES/Santa_Maria.dat, 1.2, HMeans, 17200, 0.119, 9,
/home/wagner/src/CCP/instances/AES/Santa_Maria.dat, 1.2, Hill Climb with Interchange, 16788, 264.212, 9,
/home/wagner/src/CCP/instances/AES/Santa_Maria.dat, 1.2, Hill Climb with Shift, 17200, 7.218, 1,
/home/wagner/src/CCP/instances/AES/Santa_Maria.dat, 1.2, HMeans, 17306.5, 0.097, 8,
/home/wagner/src/CCP/instances/AES/Santa_Maria.dat, 1.2, Hill Climb with Interchange, 16945.7, 265.479, 8,
/home/wagner/src/CCP/instances/AES/Santa_Maria.dat, 1.2, Hill Climb with Shift, 17306.5, 10.47, 1,
/home/wagner/src/CCP/instances/AES/Santa_Maria.dat, 1.2, HMeans, 17529.8, 0.178, 14,
/home/wagner/src/CCP/instances/AES/Santa_Maria.dat, 1.2, Hill Climb with Interchange, 16833, 365.186, 14,
/home/wagner/src/CCP/instances/AES/Santa_Maria.dat, 1.2, Hill Climb with Shift, 17420.3, 22.892, 3,
/home/wagner/src/CCP/instances/AES/Santa_Maria.dat, 1.2, HMeans, 16472.7, 0.163, 13,
/home/wagner/src/CCP/instances/AES/Santa_Maria.dat, 1.2, Hill Climb with Interchange, 16202.9, 240.14, 13,
/home/wagner/src/CCP/instances/AES/Santa_Maria.dat, 1.2, Hill Climb with Shift, 16472.7, 9.951, 1,
/home/wagner/src/CCP/instances/AES/Santa_Maria.dat, 1.2, HMeans, 22020, 0.144, 12,
/home/wagner/src/CCP/instances/AES/Santa_Maria.dat, 1.2, Hill Climb with Interchange, 20639.3, 205.015, 12,
/home/wagner/src/CCP/instances/AES/Santa_Maria.dat, 1.2, Hill Climb with Shift, 21992.4, 15.469, 2,
/home/wagner/src/CCP/instances/AES/Santa_Maria.dat, 1.2, HMeans, 17038.9, 0.117, 10,
/home/wagner/src/CCP/instances/AES/Santa_Maria.dat, 1.2, Hill Climb with Interchange, 16702.7, 282.503, 10,
/home/wagner/src/CCP/instances/AES/Santa_Maria.dat, 1.2, Hill Climb with Shift, 17038.9, 9.58, 1,
/home/wagner/src/CCP/instances/AES/Santa_Maria.dat, 1.2, HMeans, 17241.4, 0.103, 7,
/home/wagner/src/CCP/instances/AES/Santa_Maria.dat, 1.2, Hill Climb with Interchange, 16601.5, 376.71, 7,
/home/wagner/src/CCP/instances/AES/Santa_Maria.dat, 1.2, Hill Climb with Shift, 17241.4, 8.364, 1,
/home/wagner/src/CCP/instances/AES/Santa_Maria.dat, 1.2, HMeans, 22784.7, 0.211, 19,
/home/wagner/src/CCP/instances/AES/Santa_Maria.dat, 1.2, Hill Climb with Interchange, 21016.5, 375.212, 19,
/home/wagner/src/CCP/instances/AES/Santa_Maria.dat, 1.2, Hill Climb with Shift, 22784.7, 9.536, 1,
/home/wagner/src/CCP/instances/AES/Santa_Maria.dat, 1.2, HMeans, 24745.4, 0.095, 8,
/home/wagner/src/CCP/instances/AES/Santa_Maria.dat, 1.2, Hill Climb with Interchange, 23320.4, 244.227, 8,
/home/wagner/src/CCP/instances/AES/Santa_Maria.dat, 1.2, Hill Climb with Shift, 24745.4, 11.279, 1,
/home/wagner/src/CCP/instances/AES/Santa_Maria.dat, 1.2, JMeans, 15941.3, 305.842, 10,
/home/wagner/src/CCP/instances/AES/Santa_Maria.dat, 1.2, Hill Climb with Interchange, 15349.1, 365.925, 10,
/home/wagner/src/CCP/instances/AES/Santa_Maria.dat, 1.2, Hill Climb with Shift, 15941.3, 8.038, 1,
/home/wagner/src/CCP/instances/AES/Santa_Maria.dat, 1.2, JMeans, 15319.5, 334.956, 14,
/home/wagner/src/CCP/instances/AES/Santa_Maria.dat, 1.2, Hill Climb with Interchange, 14847.2, 296.667, 14,
/home/wagner/src/CCP/instances/AES/Santa_Maria.dat, 1.2, Hill Climb with Shift, 15265, 21.798, 2,
/home/wagner/src/CCP/instances/AES/Santa_Maria.dat, 1.2, JMeans, 13753, 530.033, 27,
/home/wagner/src/CCP/instances/AES/Santa_Maria.dat, 1.2, Hill Climb with Interchange, 13634, 156.035, 27,
/home/wagner/src/CCP/instances/AES/Santa_Maria.dat, 1.2, Hill Climb with Shift, 13753, 12.721, 1,
/home/wagner/src/CCP/instances/AES/Santa_Maria.dat, 1.2, JMeans, 16866.3, 824.682, 27,
/home/wagner/src/CCP/instances/AES/Santa_Maria.dat, 1.2, Hill Climb with Interchange, 16455.1, 305.641, 27,
/home/wagner/src/CCP/instances/AES/Santa_Maria.dat, 1.2, Hill Climb with Shift, 16866.3, 9.739, 1,
/home/wagner/src/CCP/instances/AES/Santa_Maria.dat, 1.2, JMeans, 17358.6, 316.114, 16,
/home/wagner/src/CCP/instances/AES/Santa_Maria.dat, 1.2, Hill Climb with Interchange, 16982, 237.088, 16,
/home/wagner/src/CCP/instances/AES/Santa_Maria.dat, 1.2, Hill Climb with Shift, 17358.6, 13.244, 1,
/home/wagner/src/CCP/instances/AES/Santa_Maria.dat, 1.2, JMeans, 19375.7, 328.86, 11,
/home/wagner/src/CCP/instances/AES/Santa_Maria.dat, 1.2, Hill Climb with Interchange, 18619.3, 340.662, 11,
/home/wagner/src/CCP/instances/AES/Santa_Maria.dat, 1.2, Hill Climb with Shift, 19375.7, 8.439, 1,
/home/wagner/src/CCP/instances/AES/Santa_Maria.dat, 1.2, JMeans, 16432, 326.855, 18,
/home/wagner/src/CCP/instances/AES/Santa_Maria.dat, 1.2, Hill Climb with Interchange, 16356.2, 97.508, 18,
/home/wagner/src/CCP/instances/AES/Santa_Maria.dat, 1.2, Hill Climb with Shift, 16432, 11.07, 1,
/home/wagner/src/CCP/instances/AES/Santa_Maria.dat, 1.2, JMeans, 14889.3, 457.435, 17,
/home/wagner/src/CCP/instances/AES/Santa_Maria.dat, 1.2, Hill Climb with Interchange, 14453.7, 277.898, 17,
/home/wagner/src/CCP/instances/AES/Santa_Maria.dat, 1.2, Hill Climb with Shift, 14889.3, 8.11, 1,
/home/wagner/src/CCP/instances/AES/Santa_Maria.dat, 1.2, JMeans, 15249.8, 258.143, 14,
/home/wagner/src/CCP/instances/AES/Santa_Maria.dat, 1.2, Hill Climb with Interchange, 14770.3, 293.521, 14,
/home/wagner/src/CCP/instances/AES/Santa_Maria.dat, 1.2, Hill Climb with Shift, 15249.8, 11.03, 1,
/home/wagner/src/CCP/instances/AES/Santa_Maria.dat, 1.2, JMeans, 18038.7, 608.48, 21,
/home/wagner/src/CCP/instances/AES/Santa_Maria.dat, 1.2, Hill Climb with Interchange, 17356.2, 374.916, 21,
/home/wagner/src/CCP/instances/AES/Santa_Maria.dat, 1.2, Hill Climb with Shift, 18038.7, 9.974, 1,
/home/wagner/src/CCP/instances/AES/Santa_Maria.dat, 1.2, Randon Density, 11665.8, 266.696, 0,
/home/wagner/src/CCP/instances/AES/Santa_Maria.dat, 1.2, Hill Climb with Interchange, 11360.1, 252.947, 0,
/home/wagner/src/CCP/instances/AES/Santa_Maria.dat, 1.2, Hill Climb with Shift, 11665.8, 5.344, 1,
/home/wagner/src/CCP/instances/AES/Santa_Maria.dat, 1.2, Randon Density, 13882.5, 256.921, 0,
/home/wagner/src/CCP/instances/AES/Santa_Maria.dat, 1.2, Hill Climb with Interchange, 13854.3, 44.273, 0,
/home/wagner/src/CCP/instances/AES/Santa_Maria.dat, 1.2, Hill Climb with Shift, 13882.5, 13.655, 1,
/home/wagner/src/CCP/instances/AES/Santa_Maria.dat, 1.2, Randon Density, 16471, 191.948, 0,
/home/wagner/src/CCP/instances/AES/Santa_Maria.dat, 1.2, Hill Climb with Interchange, 16430.8, 74.631, 0,
/home/wagner/src/CCP/instances/AES/Santa_Maria.dat, 1.2, Hill Climb with Shift, 16471, 8.664, 1,
/home/wagner/src/CCP/instances/AES/Santa_Maria.dat, 1.2, Randon Density, 16248.1, 417.698, 0,
/home/wagner/src/CCP/instances/AES/Santa_Maria.dat, 1.2, Hill Climb with Interchange, 16120.6, 142.798, 0,
/home/wagner/src/CCP/instances/AES/Santa_Maria.dat, 1.2, Hill Climb with Shift, 16246, 19.79, 3,
/home/wagner/src/CCP/instances/AES/Santa_Maria.dat, 1.2, Randon Density, 14454, 312.778, 0,
/home/wagner/src/CCP/instances/AES/Santa_Maria.dat, 1.2, Hill Climb with Interchange, 14233.1, 146.364, 0,
/home/wagner/src/CCP/instances/AES/Santa_Maria.dat, 1.2, Hill Climb with Shift, 14454, 6.973, 1,
/home/wagner/src/CCP/instances/AES/Santa_Maria.dat, 1.2, Randon Density, 13704.1, 174.096, 0,
/home/wagner/src/CCP/instances/AES/Santa_Maria.dat, 1.2, Hill Climb with Interchange, 13663.4, 51.495, 0,
/home/wagner/src/CCP/instances/AES/Santa_Maria.dat, 1.2, Hill Climb with Shift, 13704.1, 11.976, 1,
/home/wagner/src/CCP/instances/AES/Santa_Maria.dat, 1.2, Randon Density, 16781.6, 231.052, 0,
/home/wagner/src/CCP/instances/AES/Santa_Maria.dat, 1.2, Hill Climb with Interchange, 16777, 35.972, 0,
/home/wagner/src/CCP/instances/AES/Santa_Maria.dat, 1.2, Hill Climb with Shift, 16781.6, 10.222, 1,
/home/wagner/src/CCP/instances/AES/Santa_Maria.dat, 1.2, Randon Density, 14594.3, 242.841, 0,
/home/wagner/src/CCP/instances/AES/Santa_Maria.dat, 1.2, Hill Climb with Interchange, 14350.4, 130.463, 0,
/home/wagner/src/CCP/instances/AES/Santa_Maria.dat, 1.2, Hill Climb with Shift, 14594.3, 5.293, 1,
/home/wagner/src/CCP/instances/AES/Santa_Maria.dat, 1.2, Randon Density, 14414, 252.329, 0,
/home/wagner/src/CCP/instances/AES/Santa_Maria.dat, 1.2, Hill Climb with Interchange, 14240.7, 126.347, 0,
/home/wagner/src/CCP/instances/AES/Santa_Maria.dat, 1.2, Hill Climb with Shift, 14414, 9.05, 1,
/home/wagner/src/CCP/instances/AES/Santa_Maria.dat, 1.2, Randon Density, 14629.7, 300.458, 0,
/home/wagner/src/CCP/instances/AES/Santa_Maria.dat, 1.2, Hill Climb with Interchange, 14267.2, 226.862, 0,
/home/wagner/src/CCP/instances/AES/Santa_Maria.dat, 1.2, Hill Climb with Shift, 14629.7, 6.086, 1,
/home/wagner/src/CCP/instances/AES/Santa_Maria.dat, 1.3, Density, 16582.9, 57.726, 10,
/home/wagner/src/CCP/instances/AES/Santa_Maria.dat, 1.3, Hill Climb with Interchange, 16580.7, 16.431, 10,
/home/wagner/src/CCP/instances/AES/Santa_Maria.dat, 1.3, Hill Climb with Shift, 16582.9, 15.484, 1,
/home/wagner/src/CCP/instances/AES/Santa_Maria.dat, 1.3, HMeans, 16352, 0.161, 13,
/home/wagner/src/CCP/instances/AES/Santa_Maria.dat, 1.3, Hill Climb with Interchange, 12846.7, 181.624, 13,
/home/wagner/src/CCP/instances/AES/Santa_Maria.dat, 1.3, Hill Climb with Shift, 16352, 11.533, 1,
/home/wagner/src/CCP/instances/AES/Santa_Maria.dat, 1.3, HMeans, 15684.1, 0.101, 7,
/home/wagner/src/CCP/instances/AES/Santa_Maria.dat, 1.3, Hill Climb with Interchange, 14916.1, 411.409, 7,
/home/wagner/src/CCP/instances/AES/Santa_Maria.dat, 1.3, Hill Climb with Shift, 15684.1, 11.304, 1,
/home/wagner/src/CCP/instances/AES/Santa_Maria.dat, 1.3, HMeans, 16690.6, 0.225, 20,
/home/wagner/src/CCP/instances/AES/Santa_Maria.dat, 1.3, Hill Climb with Interchange, 15953.6, 106.804, 20,
/home/wagner/src/CCP/instances/AES/Santa_Maria.dat, 1.3, Hill Climb with Shift, 16690.6, 14.01, 1,
/home/wagner/src/CCP/instances/AES/Santa_Maria.dat, 1.3, HMeans, 16499.9, 0.07, 6,
/home/wagner/src/CCP/instances/AES/Santa_Maria.dat, 1.3, Hill Climb with Interchange, 15379.5, 291.831, 6,
/home/wagner/src/CCP/instances/AES/Santa_Maria.dat, 1.3, Hill Climb with Shift, 16499.9, 9.087, 1,
/home/wagner/src/CCP/instances/AES/Santa_Maria.dat, 1.3, HMeans, 20051.4, 0.159, 13,
/home/wagner/src/CCP/instances/AES/Santa_Maria.dat, 1.3, Hill Climb with Interchange, 19136, 324.423, 13,
/home/wagner/src/CCP/instances/AES/Santa_Maria.dat, 1.3, Hill Climb with Shift, 20051.4, 11.682, 1,
/home/wagner/src/CCP/instances/AES/Santa_Maria.dat, 1.3, HMeans, 14408.8, 0.112, 9,
/home/wagner/src/CCP/instances/AES/Santa_Maria.dat, 1.3, Hill Climb with Interchange, 14138.9, 239.185, 9,
/home/wagner/src/CCP/instances/AES/Santa_Maria.dat, 1.3, Hill Climb with Shift, 14394.2, 34.914, 3,
/home/wagner/src/CCP/instances/AES/Santa_Maria.dat, 1.3, HMeans, 16963, 0.092, 8,
/home/wagner/src/CCP/instances/AES/Santa_Maria.dat, 1.3, Hill Climb with Interchange, 16102.8, 190.531, 8,
/home/wagner/src/CCP/instances/AES/Santa_Maria.dat, 1.3, Hill Climb with Shift, 16963, 11.991, 1,
/home/wagner/src/CCP/instances/AES/Santa_Maria.dat, 1.3, HMeans, 13504.5, 0.145, 11,
/home/wagner/src/CCP/instances/AES/Santa_Maria.dat, 1.3, Hill Climb with Interchange, 13335.9, 192.354, 11,
/home/wagner/src/CCP/instances/AES/Santa_Maria.dat, 1.3, Hill Climb with Shift, 13504.5, 12.364, 1,
/home/wagner/src/CCP/instances/AES/Santa_Maria.dat, 1.3, HMeans, 14056.7, 0.124, 10,
/home/wagner/src/CCP/instances/AES/Santa_Maria.dat, 1.3, Hill Climb with Interchange, 13551.5, 269.955, 10,
/home/wagner/src/CCP/instances/AES/Santa_Maria.dat, 1.3, Hill Climb with Shift, 14029.2, 30.243, 3,
/home/wagner/src/CCP/instances/AES/Santa_Maria.dat, 1.3, HMeans, 16595.5, 0.135, 11,
/home/wagner/src/CCP/instances/AES/Santa_Maria.dat, 1.3, Hill Climb with Interchange, 15465.8, 346.177, 11,
/home/wagner/src/CCP/instances/AES/Santa_Maria.dat, 1.3, Hill Climb with Shift, 16588.4, 23.919, 2,
/home/wagner/src/CCP/instances/AES/Santa_Maria.dat, 1.3, JMeans, 16759.5, 426.645, 24,
/home/wagner/src/CCP/instances/AES/Santa_Maria.dat, 1.3, Hill Climb with Interchange, 16122.3, 124.893, 24,
/home/wagner/src/CCP/instances/AES/Santa_Maria.dat, 1.3, Hill Climb with Shift, 16759.5, 15.74, 1,
/home/wagner/src/CCP/instances/AES/Santa_Maria.dat, 1.3, JMeans, 16495.6, 579.909, 23,
/home/wagner/src/CCP/instances/AES/Santa_Maria.dat, 1.3, Hill Climb with Interchange, 15849.3, 152.198, 23,
/home/wagner/src/CCP/instances/AES/Santa_Maria.dat, 1.3, Hill Climb with Shift, 16495.6, 14.168, 1,
/home/wagner/src/CCP/instances/AES/Santa_Maria.dat, 1.3, JMeans, 17104.6, 385.462, 15,
/home/wagner/src/CCP/instances/AES/Santa_Maria.dat, 1.3, Hill Climb with Interchange, 16019.5, 330.921, 15,
/home/wagner/src/CCP/instances/AES/Santa_Maria.dat, 1.3, Hill Climb with Shift, 16796.9, 17.984, 3,
/home/wagner/src/CCP/instances/AES/Santa_Maria.dat, 1.3, JMeans, 12936.9, 394.617, 16,
/home/wagner/src/CCP/instances/AES/Santa_Maria.dat, 1.3, Hill Climb with Interchange, 12750.9, 178.096, 16,
/home/wagner/src/CCP/instances/AES/Santa_Maria.dat, 1.3, Hill Climb with Shift, 12936.9, 13.249, 1,
/home/wagner/src/CCP/instances/AES/Santa_Maria.dat, 1.3, JMeans, 16781.8, 416.797, 20,
/home/wagner/src/CCP/instances/AES/Santa_Maria.dat, 1.3, Hill Climb with Interchange, 16123.3, 168.138, 20,
/home/wagner/src/CCP/instances/AES/Santa_Maria.dat, 1.3, Hill Climb with Shift, 16781.8, 13.133, 1,
/home/wagner/src/CCP/instances/AES/Santa_Maria.dat, 1.3, JMeans, 14445.6, 429.945, 19,
/home/wagner/src/CCP/instances/AES/Santa_Maria.dat, 1.3, Hill Climb with Interchange, 14143.2, 265.782, 19,
/home/wagner/src/CCP/instances/AES/Santa_Maria.dat, 1.3, Hill Climb with Shift, 14445.6, 13.334, 1,
/home/wagner/src/CCP/instances/AES/Santa_Maria.dat, 1.3, JMeans, 14219.5, 385.034, 17,
/home/wagner/src/CCP/instances/AES/Santa_Maria.dat, 1.3, Hill Climb with Interchange, 14074, 188.52, 17,
/home/wagner/src/CCP/instances/AES/Santa_Maria.dat, 1.3, Hill Climb with Shift, 14100.9, 28.013, 2,
/home/wagner/src/CCP/instances/AES/Santa_Maria.dat, 1.3, JMeans, 16607.3, 425.666, 16,
/home/wagner/src/CCP/instances/AES/Santa_Maria.dat, 1.3, Hill Climb with Interchange, 15914.5, 167.719, 16,
/home/wagner/src/CCP/instances/AES/Santa_Maria.dat, 1.3, Hill Climb with Shift, 16607.3, 10.899, 1,
/home/wagner/src/CCP/instances/AES/Santa_Maria.dat, 1.3, JMeans, 12859.9, 375.484, 15,
/home/wagner/src/CCP/instances/AES/Santa_Maria.dat, 1.3, Hill Climb with Interchange, 12601, 213.26, 15,
/home/wagner/src/CCP/instances/AES/Santa_Maria.dat, 1.3, Hill Climb with Shift, 12859.9, 11.377, 1,
/home/wagner/src/CCP/instances/AES/Santa_Maria.dat, 1.3, JMeans, 15973.1, 339.068, 18,
/home/wagner/src/CCP/instances/AES/Santa_Maria.dat, 1.3, Hill Climb with Interchange, 15318.7, 147.162, 18,
/home/wagner/src/CCP/instances/AES/Santa_Maria.dat, 1.3, Hill Climb with Shift, 15973.1, 13.124, 1,
/home/wagner/src/CCP/instances/AES/Santa_Maria.dat, 1.3, Randon Density, 12642.7, 267.739, 0,
/home/wagner/src/CCP/instances/AES/Santa_Maria.dat, 1.3, Hill Climb with Interchange, 12571.3, 31.989, 0,
/home/wagner/src/CCP/instances/AES/Santa_Maria.dat, 1.3, Hill Climb with Shift, 12642.7, 11.178, 1,
/home/wagner/src/CCP/instances/AES/Santa_Maria.dat, 1.3, Randon Density, 13964.4, 229.052, 0,
/home/wagner/src/CCP/instances/AES/Santa_Maria.dat, 1.3, Hill Climb with Interchange, 13954.8, 27.417, 0,
/home/wagner/src/CCP/instances/AES/Santa_Maria.dat, 1.3, Hill Climb with Shift, 13964.4, 15.07, 1,
/home/wagner/src/CCP/instances/AES/Santa_Maria.dat, 1.3, Randon Density, 13998.1, 229.578, 0,
/home/wagner/src/CCP/instances/AES/Santa_Maria.dat, 1.3, Hill Climb with Interchange, 13969.8, 75.162, 0,
/home/wagner/src/CCP/instances/AES/Santa_Maria.dat, 1.3, Hill Climb with Shift, 13998.1, 10.722, 1,
/home/wagner/src/CCP/instances/AES/Santa_Maria.dat, 1.3, Randon Density, 12729, 381.121, 0,
/home/wagner/src/CCP/instances/AES/Santa_Maria.dat, 1.3, Hill Climb with Interchange, 12541.3, 109.583, 0,
/home/wagner/src/CCP/instances/AES/Santa_Maria.dat, 1.3, Hill Climb with Shift, 12729, 9.312, 1,
/home/wagner/src/CCP/instances/AES/Santa_Maria.dat, 1.3, Randon Density, 11626.2, 141.064, 0,
/home/wagner/src/CCP/instances/AES/Santa_Maria.dat, 1.3, Hill Climb with Interchange, 11447.5, 181.774, 0,
/home/wagner/src/CCP/instances/AES/Santa_Maria.dat, 1.3, Hill Climb with Shift, 11626.2, 9.364, 1,
/home/wagner/src/CCP/instances/AES/Santa_Maria.dat, 1.3, Randon Density, 12372.9, 146.921, 0,
/home/wagner/src/CCP/instances/AES/Santa_Maria.dat, 1.3, Hill Climb with Interchange, 12358.3, 55.916, 0,
/home/wagner/src/CCP/instances/AES/Santa_Maria.dat, 1.3, Hill Climb with Shift, 12372.9, 15.338, 1,
/home/wagner/src/CCP/instances/AES/Santa_Maria.dat, 1.3, Randon Density, 14569.4, 174.749, 0,
/home/wagner/src/CCP/instances/AES/Santa_Maria.dat, 1.3, Hill Climb with Interchange, 14568.8, 8.088, 0,
/home/wagner/src/CCP/instances/AES/Santa_Maria.dat, 1.3, Hill Climb with Shift, 14569.4, 15.31, 1,
/home/wagner/src/CCP/instances/AES/Santa_Maria.dat, 1.3, Randon Density, 13836.6, 211.682, 0,
/home/wagner/src/CCP/instances/AES/Santa_Maria.dat, 1.3, Hill Climb with Interchange, 13817.8, 61.007, 0,
/home/wagner/src/CCP/instances/AES/Santa_Maria.dat, 1.3, Hill Climb with Shift, 13836.6, 15.368, 1,
/home/wagner/src/CCP/instances/AES/Santa_Maria.dat, 1.3, Randon Density, 13768.8, 98.932, 0,
/home/wagner/src/CCP/instances/AES/Santa_Maria.dat, 1.3, Hill Climb with Interchange, 13747.8, 38.653, 0,
/home/wagner/src/CCP/instances/AES/Santa_Maria.dat, 1.3, Hill Climb with Shift, 13768.8, 10.314, 1,
/home/wagner/src/CCP/instances/AES/Santa_Maria.dat, 1.3, Randon Density, 14417, 172.542, 0,
/home/wagner/src/CCP/instances/AES/Santa_Maria.dat, 1.3, Hill Climb with Interchange, 14384.3, 15.448, 0,
/home/wagner/src/CCP/instances/AES/Santa_Maria.dat, 1.3, Hill Climb with Shift, 14415.1, 27.176, 2,

Instance /home/wagner/src/CCP/instances/AES/Santa_Maria.dat ter jun 15 12:08:11 2010/home/wagner/src/CCP/instances/AES/Santa_Maria.dat, 1.1, Farthest, 96738.2, 0.876, 0,
/home/wagner/src/CCP/instances/AES/Santa_Maria.dat, 1.1, Hill Climb with Interchange, 59276.7, 261.382, 0,
/home/wagner/src/CCP/instances/AES/Santa_Maria.dat, 1.1, Hill Climb with Shift, 92736.9, 4.964, 2,

Instance /home/wagner/src/CCP/instances/AES/Santa_Maria.dat ter jun 15 12:29:35 2010/home/wagner/src/CCP/instances/AES/Santa_Maria.dat, 1.1, Farthest, 96738.2, 0.874, 0,
/home/wagner/src/CCP/instances/AES/Santa_Maria.dat, 1.1, Hill Climb with Interchange, 59276.7, 262.041, 0,
/home/wagner/src/CCP/instances/AES/Santa_Maria.dat, 1.1, Hill Climb with Shift, 92736.9, 5.012, 2,
/home/wagner/src/CCP/instances/AES/Santa_Maria.dat, 1.2, Farthest, 97798.8, 0.08, 0,
/home/wagner/src/CCP/instances/AES/Santa_Maria.dat, 1.2, Hill Climb with Interchange, 58025.3, 320.247, 0,
/home/wagner/src/CCP/instances/AES/Santa_Maria.dat, 1.2, Hill Climb with Shift, 97798.8, 4.063, 1,
/home/wagner/src/CCP/instances/AES/Santa_Maria.dat, 1.3, Farthest, 69541.8, 0.081, 0,
/home/wagner/src/CCP/instances/AES/Santa_Maria.dat, 1.3, Hill Climb with Interchange, 44039.2, 347.721, 0,
/home/wagner/src/CCP/instances/AES/Santa_Maria.dat, 1.3, Hill Climb with Shift, 69541.8, 5.854, 1,

Instance /home/wagner/src/CCP/instances/AES/Santa_Maria.dat sex jun 18 17:10:06 2010